Using pre-set license
Built from '2022.3/staging' branch; Version is '2022.3.7f1 (b16b3b16c7a0) revision 11627323'; Using compiler version '192829333'; Build Type 'Release'
OS: 'Windows 10  (10.0.19045) 64bit Professional' Language: 'en' Physical Memory: 16294 MB
BatchMode: 1, IsHumanControllingUs: 0, StartBugReporterOnCrash: 0, Is64bit: 1, IsPro: 1

COMMAND LINE ARGUMENTS:
D:\programs\Unity Editors\2022.3.7f1\Editor\Unity.exe
-adb2
-batchMode
-noUpm
-name
AssetImportWorker6
-projectPath
D:/projects/Git/Manga-Material/Manga Material
-logFile
Logs/AssetImportWorker6.log
-srvPort
54473
Successfully changed project path to: D:/projects/Git/Manga-Material/Manga Material
D:/projects/Git/Manga-Material/Manga Material
[UnityMemory] Configuration Parameters - Can be set up in boot.config
    "memorysetup-bucket-allocator-granularity=16"
    "memorysetup-bucket-allocator-bucket-count=8"
    "memorysetup-bucket-allocator-block-size=33554432"
    "memorysetup-bucket-allocator-block-count=8"
    "memorysetup-main-allocator-block-size=16777216"
    "memorysetup-thread-allocator-block-size=16777216"
    "memorysetup-gfx-main-allocator-block-size=16777216"
    "memorysetup-gfx-thread-allocator-block-size=16777216"
    "memorysetup-cache-allocator-block-size=4194304"
    "memorysetup-typetree-allocator-block-size=2097152"
    "memorysetup-profiler-bucket-allocator-granularity=16"
    "memorysetup-profiler-bucket-allocator-bucket-count=8"
    "memorysetup-profiler-bucket-allocator-block-size=33554432"
    "memorysetup-profiler-bucket-allocator-block-count=8"
    "memorysetup-profiler-allocator-block-size=16777216"
    "memorysetup-profiler-editor-allocator-block-size=1048576"
    "memorysetup-temp-allocator-size-main=16777216"
    "memorysetup-job-temp-allocator-block-size=2097152"
    "memorysetup-job-temp-allocator-block-size-background=1048576"
    "memorysetup-job-temp-allocator-reduction-small-platforms=262144"
    "memorysetup-allocator-temp-initial-block-size-main=262144"
    "memorysetup-allocator-temp-initial-block-size-worker=262144"
    "memorysetup-temp-allocator-size-background-worker=32768"
    "memorysetup-temp-allocator-size-job-worker=262144"
    "memorysetup-temp-allocator-size-preload-manager=33554432"
    "memorysetup-temp-allocator-size-nav-mesh-worker=65536"
    "memorysetup-temp-allocator-size-audio-worker=65536"
    "memorysetup-temp-allocator-size-cloud-worker=32768"
    "memorysetup-temp-allocator-size-gi-baking-worker=262144"
    "memorysetup-temp-allocator-size-gfx=262144"
Player connection [24932] Host "[IP] 192.168.2.221 [Port] 0 [Flags] 2 [Guid] 2345882314 [EditorId] 2345882314 [Version] 1048832 [Id] WindowsEditor(7,DESKTOP-J5TC0EM) [Debug] 1 [PackageName] WindowsEditor [ProjectName] Editor" joined multi-casting on [225.0.0.222:54997]...

Player connection [24932] Host "[IP] 192.168.2.221 [Port] 0 [Flags] 2 [Guid] 2345882314 [EditorId] 2345882314 [Version] 1048832 [Id] WindowsEditor(7,DESKTOP-J5TC0EM) [Debug] 1 [PackageName] WindowsEditor [ProjectName] Editor" joined alternative multi-casting on [225.0.0.222:34997]...

Refreshing native plugins compatible for Editor in 52.05 ms, found 3 plugins.
Preloading 0 native plugins for Editor in 0.00 ms.
Initialize engine version: 2022.3.7f1 (b16b3b16c7a0)
[Subsystems] Discovering subsystems at path D:/programs/Unity Editors/2022.3.7f1/Editor/Data/Resources/UnitySubsystems
[Subsystems] Discovering subsystems at path D:/projects/Git/Manga-Material/Manga Material/Assets
GfxDevice: creating device client; threaded=0; jobified=0
Direct3D:
    Version:  Direct3D 11.0 [level 11.1]
    Renderer: NVIDIA GeForce GTX 1650 (ID=0x1f82)
    Vendor:   NVIDIA
    VRAM:     3935 MB
    Driver:   32.0.15.6094
Initialize mono
Mono path[0] = 'D:/programs/Unity Editors/2022.3.7f1/Editor/Data/Managed'
Mono path[1] = 'D:/programs/Unity Editors/2022.3.7f1/Editor/Data/MonoBleedingEdge/lib/mono/unityjit-win32'
Mono config path = 'D:/programs/Unity Editors/2022.3.7f1/Editor/Data/MonoBleedingEdge/etc'
Using monoOptions --debugger-agent=transport=dt_socket,embedding=1,server=y,suspend=n,address=127.0.0.1:56636
Begin MonoManager ReloadAssembly
Registering precompiled unity dll's ...
Register platform support module: D:/programs/Unity Editors/2022.3.7f1/Editor/Data/PlaybackEngines/WindowsStandaloneSupport/UnityEditor.WindowsStandalone.Extensions.dll
Register platform support module: D:/programs/Unity Editors/2022.3.7f1/Editor/Data/PlaybackEngines/MetroSupport/UnityEditor.UWP.Extensions.dll
Registered in 0.004833 seconds.
- Loaded All Assemblies, in  0.348 seconds
Native extension for UWP target not found
Native extension for WindowsStandalone target not found
Mono: successfully reloaded assembly
- Finished resetting the current domain, in  0.265 seconds
Domain Reload Profiling: 612ms
	BeginReloadAssembly (98ms)
		ExecutionOrderSort (0ms)
		DisableScriptedObjects (0ms)
		BackupInstance (0ms)
		ReleaseScriptingObjects (0ms)
		CreateAndSetChildDomain (1ms)
	RebuildCommonClasses (32ms)
	RebuildNativeTypeToScriptingClass (11ms)
	initialDomainReloadingComplete (48ms)
	LoadAllAssembliesAndSetupDomain (158ms)
		LoadAssemblies (97ms)
		RebuildTransferFunctionScriptingTraits (0ms)
		AnalyzeDomain (156ms)
			TypeCache.Refresh (155ms)
				TypeCache.ScanAssembly (142ms)
			ScanForSourceGeneratedMonoScriptInfo (0ms)
			ResolveRequiredComponents (1ms)
	FinalizeReload (265ms)
		ReleaseScriptCaches (0ms)
		RebuildScriptCaches (0ms)
		SetupLoadedEditorAssemblies (205ms)
			LogAssemblyErrors (0ms)
			InitializePlatformSupportModulesInManaged (8ms)
			SetLoadedEditorAssemblies (6ms)
			RefreshPlugins (0ms)
			BeforeProcessingInitializeOnLoad (2ms)
			ProcessInitializeOnLoadAttributes (125ms)
			ProcessInitializeOnLoadMethodAttributes (64ms)
			AfterProcessingInitializeOnLoad (0ms)
			EditorAssembliesLoaded (0ms)
		ExecutionOrderSort2 (0ms)
		AwakeInstancesAfterBackupRestoration (0ms)
========================================================================
Worker process is ready to serve import requests
Begin MonoManager ReloadAssembly
Symbol file LoadedFromMemory doesn't match image D:\projects\Git\Manga-Material\Manga Material\Library\PackageCache\com.unity.visualscripting@1.8.0\Editor\VisualScripting.Core\Dependencies\YamlDotNet\Unity.VisualScripting.YamlDotNet.dll
Symbol file LoadedFromMemory doesn't match image D:\projects\Git\Manga-Material\Manga Material\Library\PackageCache\com.unity.visualscripting@1.8.0\Editor\VisualScripting.Core\Dependencies\DotNetZip\Unity.VisualScripting.IonicZip.dll
- Loaded All Assemblies, in  0.568 seconds
Refreshing native plugins compatible for Editor in 1.82 ms, found 3 plugins.
Native extension for UWP target not found
Native extension for WindowsStandalone target not found
Mono: successfully reloaded assembly
- Finished resetting the current domain, in  0.522 seconds
Domain Reload Profiling: 1090ms
	BeginReloadAssembly (141ms)
		ExecutionOrderSort (0ms)
		DisableScriptedObjects (6ms)
		BackupInstance (0ms)
		ReleaseScriptingObjects (0ms)
		CreateAndSetChildDomain (19ms)
	RebuildCommonClasses (32ms)
	RebuildNativeTypeToScriptingClass (11ms)
	initialDomainReloadingComplete (34ms)
	LoadAllAssembliesAndSetupDomain (350ms)
		LoadAssemblies (267ms)
		RebuildTransferFunctionScriptingTraits (0ms)
		AnalyzeDomain (164ms)
			TypeCache.Refresh (146ms)
				TypeCache.ScanAssembly (132ms)
			ScanForSourceGeneratedMonoScriptInfo (13ms)
			ResolveRequiredComponents (4ms)
	FinalizeReload (522ms)
		ReleaseScriptCaches (0ms)
		RebuildScriptCaches (0ms)
		SetupLoadedEditorAssemblies (373ms)
			LogAssemblyErrors (0ms)
			InitializePlatformSupportModulesInManaged (5ms)
			SetLoadedEditorAssemblies (5ms)
			RefreshPlugins (0ms)
			BeforeProcessingInitializeOnLoad (83ms)
			ProcessInitializeOnLoadAttributes (257ms)
			ProcessInitializeOnLoadMethodAttributes (20ms)
			AfterProcessingInitializeOnLoad (3ms)
			EditorAssembliesLoaded (0ms)
		ExecutionOrderSort2 (0ms)
		AwakeInstancesAfterBackupRestoration (11ms)
Launched and connected shader compiler UnityShaderCompiler.exe after 0.17 seconds
Refreshing native plugins compatible for Editor in 1.73 ms, found 3 plugins.
Preloading 0 native plugins for Editor in 0.00 ms.
Unloading 3068 Unused Serialized files (Serialized files now loaded: 0)
Unloading 31 unused Assets / (56.4 KB). Loaded Objects now: 3530.
Memory consumption went from 114.3 MB to 114.2 MB.
Total: 3.000300 ms (FindLiveObjects: 0.270300 ms CreateObjectMapping: 0.329700 ms MarkObjects: 2.310700 ms  DeleteObjects: 0.088500 ms)

AssetImportParameters requested are different than current active one (requested -> active):
  custom:container-demuxer-ogg: 62fdf1f143b41e24485cea50d1cbac27 -> 
  custom:video-decoder-ogg-theora: a1e56fd34408186e4bbccfd4996cb3dc -> 
  custom:framework-win-MediaFoundation: 216162199b28c13a410421893ffa2e32 -> 
  custom:CustomObjectIndexerAttribute: 756ad292c208cfabdd7b50bc23989ffe -> 
  custom:container-demuxer-webm: 4f35f7cbe854078d1ac9338744f61a02 -> 
  custom:container-muxer-webm: aa71ff27fc2769a1b78a27578f13a17b -> 
  custom:video-decoder-webm-vp8: 9c59270c3fd7afecdb556c50c9e8de78 -> 
  custom:SearchIndexIgnoredProperties: e643bd26f0fe6173181afceb89e7c659 -> 
  custom:AudioImporter_EditorPlatform: d09bf68614088b80899f8185d706f6e7 -> 
  custom:video-encoder-webm-vp8: eb34c28f22e8b96e1ab97ce403110664 -> 
  custom:audio-decoder-ogg-vorbis: bf7c407c2cedff20999df2af8eb42d56 -> 
  custom:audio-encoder-webm-vorbis: bf7c407c2cedff20999df2af8eb42d56 -> 
========================================================================
Received Import Request.
  Time since last request: 369105.544409 seconds.
  path: Assets/Props/Materials/Gojo/CLOTHES.mat
  artifactKey: Guid(c35b75d0fb258064199aca288a065872) Importer(815301076,1909f56bfc062723c751e8b465ee728b)
Start importing Assets/Props/Materials/Gojo/CLOTHES.mat using Guid(c35b75d0fb258064199aca288a065872) Importer(815301076,1909f56bfc062723c751e8b465ee728b)  -> (artifact id: '0beb2ffdb25bc78215c0ce1eb54a5048') in 0.486982 seconds
Number of updated asset objects reloaded before import = 1
Number of asset objects unloaded after import = 4
========================================================================
Received Prepare
Begin MonoManager ReloadAssembly
Symbol file LoadedFromMemory doesn't match image D:\projects\Git\Manga-Material\Manga Material\Library\PackageCache\com.unity.visualscripting@1.8.0\Editor\VisualScripting.Core\Dependencies\YamlDotNet\Unity.VisualScripting.YamlDotNet.dll
Symbol file LoadedFromMemory doesn't match image D:\projects\Git\Manga-Material\Manga Material\Library\PackageCache\com.unity.visualscripting@1.8.0\Editor\VisualScripting.Core\Dependencies\DotNetZip\Unity.VisualScripting.IonicZip.dll
- Loaded All Assemblies, in  0.446 seconds
Refreshing native plugins compatible for Editor in 1.96 ms, found 3 plugins.
Native extension for UWP target not found
Native extension for WindowsStandalone target not found
Mono: successfully reloaded assembly
- Finished resetting the current domain, in  0.880 seconds
Domain Reload Profiling: 1326ms
	BeginReloadAssembly (158ms)
		ExecutionOrderSort (0ms)
		DisableScriptedObjects (7ms)
		BackupInstance (0ms)
		ReleaseScriptingObjects (0ms)
		CreateAndSetChildDomain (33ms)
	RebuildCommonClasses (34ms)
	RebuildNativeTypeToScriptingClass (16ms)
	initialDomainReloadingComplete (26ms)
	LoadAllAssembliesAndSetupDomain (211ms)
		LoadAssemblies (281ms)
		RebuildTransferFunctionScriptingTraits (0ms)
		AnalyzeDomain (18ms)
			TypeCache.Refresh (10ms)
				TypeCache.ScanAssembly (0ms)
			ScanForSourceGeneratedMonoScriptInfo (0ms)
			ResolveRequiredComponents (7ms)
	FinalizeReload (881ms)
		ReleaseScriptCaches (0ms)
		RebuildScriptCaches (0ms)
		SetupLoadedEditorAssemblies (408ms)
			LogAssemblyErrors (0ms)
			InitializePlatformSupportModulesInManaged (5ms)
			SetLoadedEditorAssemblies (6ms)
			RefreshPlugins (0ms)
			BeforeProcessingInitializeOnLoad (94ms)
			ProcessInitializeOnLoadAttributes (278ms)
			ProcessInitializeOnLoadMethodAttributes (22ms)
			AfterProcessingInitializeOnLoad (3ms)
			EditorAssembliesLoaded (0ms)
		ExecutionOrderSort2 (0ms)
		AwakeInstancesAfterBackupRestoration (12ms)
Refreshing native plugins compatible for Editor in 1.93 ms, found 3 plugins.
Preloading 0 native plugins for Editor in 0.00 ms.
Unloading 3059 Unused Serialized files (Serialized files now loaded: 0)
Unloading 22 unused Assets / (30.5 KB). Loaded Objects now: 3574.
Memory consumption went from 117.6 MB to 117.5 MB.
Total: 2.654100 ms (FindLiveObjects: 0.249300 ms CreateObjectMapping: 0.231600 ms MarkObjects: 2.132000 ms  DeleteObjects: 0.040000 ms)

Prepare: number of updated asset objects reloaded= 0
AssetImportParameters requested are different than current active one (requested -> active):
  custom:container-demuxer-ogg: 62fdf1f143b41e24485cea50d1cbac27 -> 
  custom:video-decoder-ogg-theora: a1e56fd34408186e4bbccfd4996cb3dc -> 
  custom:framework-win-MediaFoundation: 216162199b28c13a410421893ffa2e32 -> 
  custom:CustomObjectIndexerAttribute: 756ad292c208cfabdd7b50bc23989ffe -> 
  custom:container-demuxer-webm: 4f35f7cbe854078d1ac9338744f61a02 -> 
  custom:container-muxer-webm: aa71ff27fc2769a1b78a27578f13a17b -> 
  custom:video-decoder-webm-vp8: 9c59270c3fd7afecdb556c50c9e8de78 -> 
  custom:SearchIndexIgnoredProperties: e643bd26f0fe6173181afceb89e7c659 -> 
  custom:AudioImporter_EditorPlatform: d09bf68614088b80899f8185d706f6e7 -> 
  custom:video-encoder-webm-vp8: eb34c28f22e8b96e1ab97ce403110664 -> 
  custom:audio-decoder-ogg-vorbis: bf7c407c2cedff20999df2af8eb42d56 -> 
  custom:audio-encoder-webm-vorbis: bf7c407c2cedff20999df2af8eb42d56 -> 
========================================================================
Received Import Request.
  Time since last request: 3.666614 seconds.
  path: Assets/Props/Materials/Gojo/EYEBROWS.mat
  artifactKey: Guid(c496691110e38244cbf22c88b05e2b6e) Importer(815301076,1909f56bfc062723c751e8b465ee728b)
Start importing Assets/Props/Materials/Gojo/EYEBROWS.mat using Guid(c496691110e38244cbf22c88b05e2b6e) Importer(815301076,1909f56bfc062723c751e8b465ee728b)  -> (artifact id: 'a5599cff0859767658b0020a9b2e929b') in 0.067868 seconds
Number of updated asset objects reloaded before import = 0
Number of asset objects unloaded after import = 3
========================================================================
Received Import Request.
  Time since last request: 0.000025 seconds.
  path: Assets/Props/Materials/Gojo/HANDS.mat
  artifactKey: Guid(1ee50ea6025ac9c42be622b9b585673a) Importer(815301076,1909f56bfc062723c751e8b465ee728b)
Start importing Assets/Props/Materials/Gojo/HANDS.mat using Guid(1ee50ea6025ac9c42be622b9b585673a) Importer(815301076,1909f56bfc062723c751e8b465ee728b)  -> (artifact id: 'b67d4c43422ecc5d4a56659c2b46e0b5') in 0.005621 seconds
Number of updated asset objects reloaded before import = 0
Number of asset objects unloaded after import = 3
========================================================================
Received Import Request.
  Time since last request: 32.454622 seconds.
  path: Assets/Props/Materials/Gojo/CLOTHES(Backup).mat
  artifactKey: Guid(159c60d3865d282468e31dd19194e061) Importer(815301076,1909f56bfc062723c751e8b465ee728b)
Start importing Assets/Props/Materials/Gojo/CLOTHES(Backup).mat using Guid(159c60d3865d282468e31dd19194e061) Importer(815301076,1909f56bfc062723c751e8b465ee728b)  -> (artifact id: '9ff735528da3def7bbe0c41a39a4efea') in 0.062273 seconds
Number of updated asset objects reloaded before import = 1
Number of asset objects unloaded after import = 4
========================================================================
Received Import Request.
  Time since last request: 0.000021 seconds.
  path: Assets/Props/Materials/Gojo/HAIR 2.mat
  artifactKey: Guid(158f8ad50c77d4945944582cea0da9fd) Importer(815301076,1909f56bfc062723c751e8b465ee728b)
Start importing Assets/Props/Materials/Gojo/HAIR 2.mat using Guid(158f8ad50c77d4945944582cea0da9fd) Importer(815301076,1909f56bfc062723c751e8b465ee728b)  -> (artifact id: 'b30b3ccad74879ffc8d21687c4de9297') in 0.006426 seconds
Number of updated asset objects reloaded before import = 0
Number of asset objects unloaded after import = 3
========================================================================
Received Prepare
Begin MonoManager ReloadAssembly
Symbol file LoadedFromMemory doesn't match image D:\projects\Git\Manga-Material\Manga Material\Library\PackageCache\com.unity.visualscripting@1.8.0\Editor\VisualScripting.Core\Dependencies\YamlDotNet\Unity.VisualScripting.YamlDotNet.dll
Symbol file LoadedFromMemory doesn't match image D:\projects\Git\Manga-Material\Manga Material\Library\PackageCache\com.unity.visualscripting@1.8.0\Editor\VisualScripting.Core\Dependencies\DotNetZip\Unity.VisualScripting.IonicZip.dll
- Loaded All Assemblies, in  0.445 seconds
Refreshing native plugins compatible for Editor in 1.79 ms, found 3 plugins.
Native extension for UWP target not found
Native extension for WindowsStandalone target not found
Mono: successfully reloaded assembly
- Finished resetting the current domain, in  0.822 seconds
Domain Reload Profiling: 1267ms
	BeginReloadAssembly (162ms)
		ExecutionOrderSort (0ms)
		DisableScriptedObjects (5ms)
		BackupInstance (0ms)
		ReleaseScriptingObjects (0ms)
		CreateAndSetChildDomain (34ms)
	RebuildCommonClasses (36ms)
	RebuildNativeTypeToScriptingClass (11ms)
	initialDomainReloadingComplete (24ms)
	LoadAllAssembliesAndSetupDomain (211ms)
		LoadAssemblies (289ms)
		RebuildTransferFunctionScriptingTraits (0ms)
		AnalyzeDomain (16ms)
			TypeCache.Refresh (8ms)
				TypeCache.ScanAssembly (0ms)
			ScanForSourceGeneratedMonoScriptInfo (0ms)
			ResolveRequiredComponents (6ms)
	FinalizeReload (822ms)
		ReleaseScriptCaches (0ms)
		RebuildScriptCaches (0ms)
		SetupLoadedEditorAssemblies (396ms)
			LogAssemblyErrors (0ms)
			InitializePlatformSupportModulesInManaged (9ms)
			SetLoadedEditorAssemblies (6ms)
			RefreshPlugins (0ms)
			BeforeProcessingInitializeOnLoad (95ms)
			ProcessInitializeOnLoadAttributes (258ms)
			ProcessInitializeOnLoadMethodAttributes (24ms)
			AfterProcessingInitializeOnLoad (4ms)
			EditorAssembliesLoaded (0ms)
		ExecutionOrderSort2 (0ms)
		AwakeInstancesAfterBackupRestoration (12ms)
Refreshing native plugins compatible for Editor in 2.02 ms, found 3 plugins.
Preloading 0 native plugins for Editor in 0.00 ms.
Unloading 3059 Unused Serialized files (Serialized files now loaded: 0)
Unloading 22 unused Assets / (30.5 KB). Loaded Objects now: 3577.
Memory consumption went from 117.6 MB to 117.5 MB.
Total: 2.773500 ms (FindLiveObjects: 0.250500 ms CreateObjectMapping: 0.246200 ms MarkObjects: 2.234000 ms  DeleteObjects: 0.041900 ms)

Prepare: number of updated asset objects reloaded= 0
AssetImportParameters requested are different than current active one (requested -> active):
  custom:container-demuxer-ogg: 62fdf1f143b41e24485cea50d1cbac27 -> 
  custom:video-decoder-ogg-theora: a1e56fd34408186e4bbccfd4996cb3dc -> 
  custom:framework-win-MediaFoundation: 216162199b28c13a410421893ffa2e32 -> 
  custom:CustomObjectIndexerAttribute: 756ad292c208cfabdd7b50bc23989ffe -> 
  custom:container-demuxer-webm: 4f35f7cbe854078d1ac9338744f61a02 -> 
  custom:container-muxer-webm: aa71ff27fc2769a1b78a27578f13a17b -> 
  custom:video-decoder-webm-vp8: 9c59270c3fd7afecdb556c50c9e8de78 -> 
  custom:SearchIndexIgnoredProperties: e643bd26f0fe6173181afceb89e7c659 -> 
  custom:AudioImporter_EditorPlatform: d09bf68614088b80899f8185d706f6e7 -> 
  custom:video-encoder-webm-vp8: eb34c28f22e8b96e1ab97ce403110664 -> 
  custom:audio-decoder-ogg-vorbis: bf7c407c2cedff20999df2af8eb42d56 -> 
  custom:audio-encoder-webm-vorbis: bf7c407c2cedff20999df2af8eb42d56 -> 
========================================================================
Received Import Request.
  Time since last request: 3.598391 seconds.
  path: Assets/Props/Materials/Gojo/HANDS.mat
  artifactKey: Guid(1ee50ea6025ac9c42be622b9b585673a) Importer(815301076,1909f56bfc062723c751e8b465ee728b)
Start importing Assets/Props/Materials/Gojo/HANDS.mat using Guid(1ee50ea6025ac9c42be622b9b585673a) Importer(815301076,1909f56bfc062723c751e8b465ee728b)  -> (artifact id: '64739e55e46dcf995ea206a25a3cae20') in 0.064295 seconds
Number of updated asset objects reloaded before import = 0
Number of asset objects unloaded after import = 3
========================================================================
Received Import Request.
  Time since last request: 24.504936 seconds.
  path: Assets/Props/Materials/Gojo/CLOTHES(Backup).mat
  artifactKey: Guid(159c60d3865d282468e31dd19194e061) Importer(815301076,1909f56bfc062723c751e8b465ee728b)
Start importing Assets/Props/Materials/Gojo/CLOTHES(Backup).mat using Guid(159c60d3865d282468e31dd19194e061) Importer(815301076,1909f56bfc062723c751e8b465ee728b)  -> (artifact id: '011c888ecc9628f242377859689c50b8') in 0.071609 seconds
Number of updated asset objects reloaded before import = 1
Number of asset objects unloaded after import = 4
========================================================================
Received Prepare
Begin MonoManager ReloadAssembly
Symbol file LoadedFromMemory doesn't match image D:\projects\Git\Manga-Material\Manga Material\Library\PackageCache\com.unity.visualscripting@1.8.0\Editor\VisualScripting.Core\Dependencies\YamlDotNet\Unity.VisualScripting.YamlDotNet.dll
Symbol file LoadedFromMemory doesn't match image D:\projects\Git\Manga-Material\Manga Material\Library\PackageCache\com.unity.visualscripting@1.8.0\Editor\VisualScripting.Core\Dependencies\DotNetZip\Unity.VisualScripting.IonicZip.dll
- Loaded All Assemblies, in  0.439 seconds
Refreshing native plugins compatible for Editor in 1.85 ms, found 3 plugins.
Native extension for UWP target not found
Native extension for WindowsStandalone target not found
Mono: successfully reloaded assembly
- Finished resetting the current domain, in  0.827 seconds
Domain Reload Profiling: 1266ms
	BeginReloadAssembly (156ms)
		ExecutionOrderSort (0ms)
		DisableScriptedObjects (5ms)
		BackupInstance (0ms)
		ReleaseScriptingObjects (0ms)
		CreateAndSetChildDomain (34ms)
	RebuildCommonClasses (31ms)
	RebuildNativeTypeToScriptingClass (11ms)
	initialDomainReloadingComplete (25ms)
	LoadAllAssembliesAndSetupDomain (215ms)
		LoadAssemblies (290ms)
		RebuildTransferFunctionScriptingTraits (0ms)
		AnalyzeDomain (12ms)
			TypeCache.Refresh (6ms)
				TypeCache.ScanAssembly (0ms)
			ScanForSourceGeneratedMonoScriptInfo (0ms)
			ResolveRequiredComponents (5ms)
	FinalizeReload (828ms)
		ReleaseScriptCaches (0ms)
		RebuildScriptCaches (0ms)
		SetupLoadedEditorAssemblies (390ms)
			LogAssemblyErrors (0ms)
			InitializePlatformSupportModulesInManaged (6ms)
			SetLoadedEditorAssemblies (5ms)
			RefreshPlugins (0ms)
			BeforeProcessingInitializeOnLoad (101ms)
			ProcessInitializeOnLoadAttributes (255ms)
			ProcessInitializeOnLoadMethodAttributes (21ms)
			AfterProcessingInitializeOnLoad (3ms)
			EditorAssembliesLoaded (0ms)
		ExecutionOrderSort2 (0ms)
		AwakeInstancesAfterBackupRestoration (12ms)
Refreshing native plugins compatible for Editor in 1.79 ms, found 3 plugins.
Preloading 0 native plugins for Editor in 0.00 ms.
Unloading 3059 Unused Serialized files (Serialized files now loaded: 0)
Unloading 22 unused Assets / (30.5 KB). Loaded Objects now: 3580.
Memory consumption went from 117.6 MB to 117.5 MB.
Total: 3.134800 ms (FindLiveObjects: 0.249800 ms CreateObjectMapping: 0.236900 ms MarkObjects: 2.602400 ms  DeleteObjects: 0.044600 ms)

Prepare: number of updated asset objects reloaded= 0
AssetImportParameters requested are different than current active one (requested -> active):
  custom:container-demuxer-ogg: 62fdf1f143b41e24485cea50d1cbac27 -> 
  custom:video-decoder-ogg-theora: a1e56fd34408186e4bbccfd4996cb3dc -> 
  custom:framework-win-MediaFoundation: 216162199b28c13a410421893ffa2e32 -> 
  custom:CustomObjectIndexerAttribute: 756ad292c208cfabdd7b50bc23989ffe -> 
  custom:container-demuxer-webm: 4f35f7cbe854078d1ac9338744f61a02 -> 
  custom:container-muxer-webm: aa71ff27fc2769a1b78a27578f13a17b -> 
  custom:video-decoder-webm-vp8: 9c59270c3fd7afecdb556c50c9e8de78 -> 
  custom:SearchIndexIgnoredProperties: e643bd26f0fe6173181afceb89e7c659 -> 
  custom:AudioImporter_EditorPlatform: d09bf68614088b80899f8185d706f6e7 -> 
  custom:video-encoder-webm-vp8: eb34c28f22e8b96e1ab97ce403110664 -> 
  custom:audio-decoder-ogg-vorbis: bf7c407c2cedff20999df2af8eb42d56 -> 
  custom:audio-encoder-webm-vorbis: bf7c407c2cedff20999df2af8eb42d56 -> 
========================================================================
Received Import Request.
  Time since last request: 3.587791 seconds.
  path: Assets/Props/Materials/Gojo/LASHES.mat
  artifactKey: Guid(7d8f191783f9fa84aaabd1e961fce309) Importer(815301076,1909f56bfc062723c751e8b465ee728b)
Start importing Assets/Props/Materials/Gojo/LASHES.mat using Guid(7d8f191783f9fa84aaabd1e961fce309) Importer(815301076,1909f56bfc062723c751e8b465ee728b)  -> (artifact id: '0f913f6dbd2cfaf17f5233c74316fb2b') in 0.064724 seconds
Number of updated asset objects reloaded before import = 0
Number of asset objects unloaded after import = 3
========================================================================
Received Import Request.
  Time since last request: 0.000022 seconds.
  path: Assets/Props/Materials/Gojo/HAIR 2.mat
  artifactKey: Guid(158f8ad50c77d4945944582cea0da9fd) Importer(815301076,1909f56bfc062723c751e8b465ee728b)
Start importing Assets/Props/Materials/Gojo/HAIR 2.mat using Guid(158f8ad50c77d4945944582cea0da9fd) Importer(815301076,1909f56bfc062723c751e8b465ee728b)  -> (artifact id: '3062874bdc5a07520b29632d03c5b87e') in 0.006137 seconds
Number of updated asset objects reloaded before import = 0
Number of asset objects unloaded after import = 3
========================================================================
Received Import Request.
  Time since last request: 0.000015 seconds.
  path: Assets/Props/Materials/Gojo/HAIR 1 BLIND.mat
  artifactKey: Guid(d4abdeeb8d9c44c45bfc9c73edd07ce3) Importer(815301076,1909f56bfc062723c751e8b465ee728b)
Start importing Assets/Props/Materials/Gojo/HAIR 1 BLIND.mat using Guid(d4abdeeb8d9c44c45bfc9c73edd07ce3) Importer(815301076,1909f56bfc062723c751e8b465ee728b)  -> (artifact id: '7fe0436d9c92dd0a79a66e9fd4036536') in 0.006406 seconds
Number of updated asset objects reloaded before import = 0
Number of asset objects unloaded after import = 3
========================================================================
Received Import Request.
  Time since last request: 0.000029 seconds.
  path: Assets/Props/Materials/Gojo/FACE.mat
  artifactKey: Guid(321f375a7168bde46a5c4b240899a1fc) Importer(815301076,1909f56bfc062723c751e8b465ee728b)
Start importing Assets/Props/Materials/Gojo/FACE.mat using Guid(321f375a7168bde46a5c4b240899a1fc) Importer(815301076,1909f56bfc062723c751e8b465ee728b)  -> (artifact id: '83b1bf84421c97915902e67051bdc324') in 0.008283 seconds
Number of updated asset objects reloaded before import = 0
Number of asset objects unloaded after import = 4
========================================================================
Received Import Request.
  Time since last request: 0.000016 seconds.
  path: Assets/Props/Materials/Gojo/HANDS.mat
  artifactKey: Guid(1ee50ea6025ac9c42be622b9b585673a) Importer(815301076,1909f56bfc062723c751e8b465ee728b)
Start importing Assets/Props/Materials/Gojo/HANDS.mat using Guid(1ee50ea6025ac9c42be622b9b585673a) Importer(815301076,1909f56bfc062723c751e8b465ee728b)  -> (artifact id: 'cfb98d1dcf560499f6213202bd5bb947') in 0.006124 seconds
Number of updated asset objects reloaded before import = 0
Number of asset objects unloaded after import = 3
========================================================================
Received Prepare
Begin MonoManager ReloadAssembly
Symbol file LoadedFromMemory doesn't match image D:\projects\Git\Manga-Material\Manga Material\Library\PackageCache\com.unity.visualscripting@1.8.0\Editor\VisualScripting.Core\Dependencies\YamlDotNet\Unity.VisualScripting.YamlDotNet.dll
Symbol file LoadedFromMemory doesn't match image D:\projects\Git\Manga-Material\Manga Material\Library\PackageCache\com.unity.visualscripting@1.8.0\Editor\VisualScripting.Core\Dependencies\DotNetZip\Unity.VisualScripting.IonicZip.dll
- Loaded All Assemblies, in  0.439 seconds
Refreshing native plugins compatible for Editor in 1.87 ms, found 3 plugins.
Native extension for UWP target not found
Native extension for WindowsStandalone target not found
Mono: successfully reloaded assembly
- Finished resetting the current domain, in  0.859 seconds
Domain Reload Profiling: 1297ms
	BeginReloadAssembly (156ms)
		ExecutionOrderSort (0ms)
		DisableScriptedObjects (7ms)
		BackupInstance (0ms)
		ReleaseScriptingObjects (0ms)
		CreateAndSetChildDomain (32ms)
	RebuildCommonClasses (32ms)
	RebuildNativeTypeToScriptingClass (11ms)
	initialDomainReloadingComplete (24ms)
	LoadAllAssembliesAndSetupDomain (214ms)
		LoadAssemblies (287ms)
		RebuildTransferFunctionScriptingTraits (0ms)
		AnalyzeDomain (14ms)
			TypeCache.Refresh (8ms)
				TypeCache.ScanAssembly (0ms)
			ScanForSourceGeneratedMonoScriptInfo (0ms)
			ResolveRequiredComponents (5ms)
	FinalizeReload (859ms)
		ReleaseScriptCaches (0ms)
		RebuildScriptCaches (0ms)
		SetupLoadedEditorAssemblies (408ms)
			LogAssemblyErrors (0ms)
			InitializePlatformSupportModulesInManaged (7ms)
			SetLoadedEditorAssemblies (6ms)
			RefreshPlugins (0ms)
			BeforeProcessingInitializeOnLoad (96ms)
			ProcessInitializeOnLoadAttributes (275ms)
			ProcessInitializeOnLoadMethodAttributes (22ms)
			AfterProcessingInitializeOnLoad (3ms)
			EditorAssembliesLoaded (0ms)
		ExecutionOrderSort2 (0ms)
		AwakeInstancesAfterBackupRestoration (15ms)
Refreshing native plugins compatible for Editor in 1.86 ms, found 3 plugins.
Preloading 0 native plugins for Editor in 0.00 ms.
Unloading 3059 Unused Serialized files (Serialized files now loaded: 0)
Unloading 22 unused Assets / (30.5 KB). Loaded Objects now: 3583.
Memory consumption went from 117.6 MB to 117.6 MB.
Total: 3.140000 ms (FindLiveObjects: 0.360000 ms CreateObjectMapping: 0.324800 ms MarkObjects: 2.409900 ms  DeleteObjects: 0.044300 ms)

Prepare: number of updated asset objects reloaded= 1
AssetImportParameters requested are different than current active one (requested -> active):
  custom:container-demuxer-ogg: 62fdf1f143b41e24485cea50d1cbac27 -> 
  custom:video-decoder-ogg-theora: a1e56fd34408186e4bbccfd4996cb3dc -> 
  custom:framework-win-MediaFoundation: 216162199b28c13a410421893ffa2e32 -> 
  custom:CustomObjectIndexerAttribute: 756ad292c208cfabdd7b50bc23989ffe -> 
  custom:container-demuxer-webm: 4f35f7cbe854078d1ac9338744f61a02 -> 
  custom:container-muxer-webm: aa71ff27fc2769a1b78a27578f13a17b -> 
  custom:video-decoder-webm-vp8: 9c59270c3fd7afecdb556c50c9e8de78 -> 
  custom:SearchIndexIgnoredProperties: e643bd26f0fe6173181afceb89e7c659 -> 
  custom:AudioImporter_EditorPlatform: d09bf68614088b80899f8185d706f6e7 -> 
  custom:video-encoder-webm-vp8: eb34c28f22e8b96e1ab97ce403110664 -> 
  custom:audio-decoder-ogg-vorbis: bf7c407c2cedff20999df2af8eb42d56 -> 
  custom:audio-encoder-webm-vorbis: bf7c407c2cedff20999df2af8eb42d56 -> 
========================================================================
Received Prepare
Begin MonoManager ReloadAssembly
Symbol file LoadedFromMemory doesn't match image D:\projects\Git\Manga-Material\Manga Material\Library\PackageCache\com.unity.visualscripting@1.8.0\Editor\VisualScripting.Core\Dependencies\YamlDotNet\Unity.VisualScripting.YamlDotNet.dll
Symbol file LoadedFromMemory doesn't match image D:\projects\Git\Manga-Material\Manga Material\Library\PackageCache\com.unity.visualscripting@1.8.0\Editor\VisualScripting.Core\Dependencies\DotNetZip\Unity.VisualScripting.IonicZip.dll
- Loaded All Assemblies, in  0.422 seconds
Refreshing native plugins compatible for Editor in 2.06 ms, found 3 plugins.
Native extension for UWP target not found
Native extension for WindowsStandalone target not found
Mono: successfully reloaded assembly
- Finished resetting the current domain, in  0.770 seconds
Domain Reload Profiling: 1192ms
	BeginReloadAssembly (148ms)
		ExecutionOrderSort (0ms)
		DisableScriptedObjects (6ms)
		BackupInstance (0ms)
		ReleaseScriptingObjects (0ms)
		CreateAndSetChildDomain (30ms)
	RebuildCommonClasses (31ms)
	RebuildNativeTypeToScriptingClass (13ms)
	initialDomainReloadingComplete (25ms)
	LoadAllAssembliesAndSetupDomain (204ms)
		LoadAssemblies (273ms)
		RebuildTransferFunctionScriptingTraits (0ms)
		AnalyzeDomain (13ms)
			TypeCache.Refresh (7ms)
				TypeCache.ScanAssembly (0ms)
			ScanForSourceGeneratedMonoScriptInfo (0ms)
			ResolveRequiredComponents (5ms)
	FinalizeReload (771ms)
		ReleaseScriptCaches (0ms)
		RebuildScriptCaches (0ms)
		SetupLoadedEditorAssemblies (368ms)
			LogAssemblyErrors (0ms)
			InitializePlatformSupportModulesInManaged (6ms)
			SetLoadedEditorAssemblies (5ms)
			RefreshPlugins (0ms)
			BeforeProcessingInitializeOnLoad (86ms)
			ProcessInitializeOnLoadAttributes (245ms)
			ProcessInitializeOnLoadMethodAttributes (23ms)
			AfterProcessingInitializeOnLoad (3ms)
			EditorAssembliesLoaded (0ms)
		ExecutionOrderSort2 (0ms)
		AwakeInstancesAfterBackupRestoration (11ms)
Refreshing native plugins compatible for Editor in 1.88 ms, found 3 plugins.
Preloading 0 native plugins for Editor in 0.00 ms.
Unloading 3060 Unused Serialized files (Serialized files now loaded: 0)
Unloading 22 unused Assets / (30.5 KB). Loaded Objects now: 3586.
Memory consumption went from 117.8 MB to 117.8 MB.
Total: 2.886900 ms (FindLiveObjects: 0.315500 ms CreateObjectMapping: 0.304000 ms MarkObjects: 2.222900 ms  DeleteObjects: 0.043400 ms)

Prepare: number of updated asset objects reloaded= 0
AssetImportParameters requested are different than current active one (requested -> active):
  custom:container-demuxer-ogg: 62fdf1f143b41e24485cea50d1cbac27 -> 
  custom:video-decoder-ogg-theora: a1e56fd34408186e4bbccfd4996cb3dc -> 
  custom:framework-win-MediaFoundation: 216162199b28c13a410421893ffa2e32 -> 
  custom:CustomObjectIndexerAttribute: 756ad292c208cfabdd7b50bc23989ffe -> 
  custom:container-demuxer-webm: 4f35f7cbe854078d1ac9338744f61a02 -> 
  custom:container-muxer-webm: aa71ff27fc2769a1b78a27578f13a17b -> 
  custom:video-decoder-webm-vp8: 9c59270c3fd7afecdb556c50c9e8de78 -> 
  custom:SearchIndexIgnoredProperties: e643bd26f0fe6173181afceb89e7c659 -> 
  custom:AudioImporter_EditorPlatform: d09bf68614088b80899f8185d706f6e7 -> 
  custom:video-encoder-webm-vp8: eb34c28f22e8b96e1ab97ce403110664 -> 
  custom:audio-decoder-ogg-vorbis: bf7c407c2cedff20999df2af8eb42d56 -> 
  custom:audio-encoder-webm-vorbis: bf7c407c2cedff20999df2af8eb42d56 -> 
========================================================================
Received Import Request.
  Time since last request: 124.635717 seconds.
  path: Assets/Props/Materials/Gojo/CLOTHES(Backup).mat
  artifactKey: Guid(159c60d3865d282468e31dd19194e061) Importer(815301076,1909f56bfc062723c751e8b465ee728b)
Start importing Assets/Props/Materials/Gojo/CLOTHES(Backup).mat using Guid(159c60d3865d282468e31dd19194e061) Importer(815301076,1909f56bfc062723c751e8b465ee728b)  -> (artifact id: 'ed1ff57a7cadc48fb09aa685d740381f') in 0.122904 seconds
Number of updated asset objects reloaded before import = 1
Number of asset objects unloaded after import = 4
========================================================================
Received Import Request.
  Time since last request: 0.000023 seconds.
  path: Assets/Props/Materials/Gojo/EYES.mat
  artifactKey: Guid(dbff7e64b399aaa4392f7aa18e9da670) Importer(815301076,1909f56bfc062723c751e8b465ee728b)
Start importing Assets/Props/Materials/Gojo/EYES.mat using Guid(dbff7e64b399aaa4392f7aa18e9da670) Importer(815301076,1909f56bfc062723c751e8b465ee728b)  -> (artifact id: 'e36c02450afb0d80ac89696a03caeec1') in 0.007964 seconds
Number of updated asset objects reloaded before import = 0
Number of asset objects unloaded after import = 3
========================================================================
Received Import Request.
  Time since last request: 0.000026 seconds.
  path: Assets/Props/Materials/Gojo/IRIS.mat
  artifactKey: Guid(ea9f3d8a95b27a44d88510b3a331528a) Importer(815301076,1909f56bfc062723c751e8b465ee728b)
Start importing Assets/Props/Materials/Gojo/IRIS.mat using Guid(ea9f3d8a95b27a44d88510b3a331528a) Importer(815301076,1909f56bfc062723c751e8b465ee728b)  -> (artifact id: 'b1aa1dfa9104088e398b5590f942fbd0') in 0.006700 seconds
Number of updated asset objects reloaded before import = 0
Number of asset objects unloaded after import = 3
========================================================================
Received Import Request.
  Time since last request: 0.000014 seconds.
  path: Assets/Props/Materials/Gojo/HAIR 1 BLIND.mat
  artifactKey: Guid(d4abdeeb8d9c44c45bfc9c73edd07ce3) Importer(815301076,1909f56bfc062723c751e8b465ee728b)
Start importing Assets/Props/Materials/Gojo/HAIR 1 BLIND.mat using Guid(d4abdeeb8d9c44c45bfc9c73edd07ce3) Importer(815301076,1909f56bfc062723c751e8b465ee728b)  -> (artifact id: '75dc49cec3a7511af381c4dd715006d8') in 0.007476 seconds
Number of updated asset objects reloaded before import = 0
Number of asset objects unloaded after import = 3
========================================================================
Received Import Request.
  Time since last request: 0.000015 seconds.
  path: Assets/Props/Materials/Gojo/TRANSPARENT HEAD.mat
  artifactKey: Guid(6b486becdfd1d6f41a29f17aba15cbc5) Importer(815301076,1909f56bfc062723c751e8b465ee728b)
Start importing Assets/Props/Materials/Gojo/TRANSPARENT HEAD.mat using Guid(6b486becdfd1d6f41a29f17aba15cbc5) Importer(815301076,1909f56bfc062723c751e8b465ee728b)  -> (artifact id: '3deb1805dae25e2a5ca619f3043c9283') in 0.008239 seconds
Number of updated asset objects reloaded before import = 0
Number of asset objects unloaded after import = 2
========================================================================
Received Import Request.
  Time since last request: 9.841133 seconds.
  path: Assets/Props/Materials/Gojo/CLOTHES(Backup).mat
  artifactKey: Guid(159c60d3865d282468e31dd19194e061) Importer(815301076,1909f56bfc062723c751e8b465ee728b)
Start importing Assets/Props/Materials/Gojo/CLOTHES(Backup).mat using Guid(159c60d3865d282468e31dd19194e061) Importer(815301076,1909f56bfc062723c751e8b465ee728b)  -> (artifact id: '6c762a303c8ab0d4b78accc60d6b08a8') in 0.074186 seconds
Number of updated asset objects reloaded before import = 1
Number of asset objects unloaded after import = 4
========================================================================
Received Import Request.
  Time since last request: 0.000015 seconds.
  path: Assets/Props/Materials/Gojo/LASHES.mat
  artifactKey: Guid(7d8f191783f9fa84aaabd1e961fce309) Importer(815301076,1909f56bfc062723c751e8b465ee728b)
Start importing Assets/Props/Materials/Gojo/LASHES.mat using Guid(7d8f191783f9fa84aaabd1e961fce309) Importer(815301076,1909f56bfc062723c751e8b465ee728b)  -> (artifact id: '2b5285f5895df8d674e05d10d1d624ee') in 0.007711 seconds
Number of updated asset objects reloaded before import = 0
Number of asset objects unloaded after import = 3
========================================================================
Received Import Request.
  Time since last request: 0.000016 seconds.
  path: Assets/Props/Materials/Gojo/IRIS.mat
  artifactKey: Guid(ea9f3d8a95b27a44d88510b3a331528a) Importer(815301076,1909f56bfc062723c751e8b465ee728b)
Start importing Assets/Props/Materials/Gojo/IRIS.mat using Guid(ea9f3d8a95b27a44d88510b3a331528a) Importer(815301076,1909f56bfc062723c751e8b465ee728b)  -> (artifact id: '728104dfc524ded4add4fc4598b6ffd7') in 0.006570 seconds
Number of updated asset objects reloaded before import = 0
Number of asset objects unloaded after import = 3
========================================================================
Received Import Request.
  Time since last request: 0.000017 seconds.
  path: Assets/Props/Materials/Gojo/HAIR 1 BLIND.mat
  artifactKey: Guid(d4abdeeb8d9c44c45bfc9c73edd07ce3) Importer(815301076,1909f56bfc062723c751e8b465ee728b)
Start importing Assets/Props/Materials/Gojo/HAIR 1 BLIND.mat using Guid(d4abdeeb8d9c44c45bfc9c73edd07ce3) Importer(815301076,1909f56bfc062723c751e8b465ee728b)  -> (artifact id: 'f2aaf56852cfc6571c98e87442f83924') in 0.008054 seconds
Number of updated asset objects reloaded before import = 0
Number of asset objects unloaded after import = 3
========================================================================
Received Import Request.
  Time since last request: 0.000016 seconds.
  path: Assets/Props/Materials/Gojo/TRANSPARENT HEAD.mat
  artifactKey: Guid(6b486becdfd1d6f41a29f17aba15cbc5) Importer(815301076,1909f56bfc062723c751e8b465ee728b)
Start importing Assets/Props/Materials/Gojo/TRANSPARENT HEAD.mat using Guid(6b486becdfd1d6f41a29f17aba15cbc5) Importer(815301076,1909f56bfc062723c751e8b465ee728b)  -> (artifact id: 'b3b71221371cf009ffb531f67f658089') in 0.006694 seconds
Number of updated asset objects reloaded before import = 0
Number of asset objects unloaded after import = 2
========================================================================
Received Import Request.
  Time since last request: 0.000015 seconds.
  path: Assets/Props/Materials/Gojo/HANDS.mat
  artifactKey: Guid(1ee50ea6025ac9c42be622b9b585673a) Importer(815301076,1909f56bfc062723c751e8b465ee728b)
Start importing Assets/Props/Materials/Gojo/HANDS.mat using Guid(1ee50ea6025ac9c42be622b9b585673a) Importer(815301076,1909f56bfc062723c751e8b465ee728b)  -> (artifact id: 'a3709cf6ccb1d96484aba9d8e9f52da8') in 0.006409 seconds
Number of updated asset objects reloaded before import = 0
Number of asset objects unloaded after import = 3
========================================================================
Received Import Request.
  Time since last request: 31.078952 seconds.
  path: Assets/Props/Materials/Gojo/CLOTHES(Backup).mat
  artifactKey: Guid(159c60d3865d282468e31dd19194e061) Importer(815301076,1909f56bfc062723c751e8b465ee728b)
Start importing Assets/Props/Materials/Gojo/CLOTHES(Backup).mat using Guid(159c60d3865d282468e31dd19194e061) Importer(815301076,1909f56bfc062723c751e8b465ee728b)  -> (artifact id: '95968d6d79d3b95a4a053519d6152cf2') in 0.067454 seconds
Number of updated asset objects reloaded before import = 1
Number of asset objects unloaded after import = 4
========================================================================
Received Import Request.
  Time since last request: 0.000015 seconds.
  path: Assets/Props/Materials/Gojo/LASHES.mat
  artifactKey: Guid(7d8f191783f9fa84aaabd1e961fce309) Importer(815301076,1909f56bfc062723c751e8b465ee728b)
Start importing Assets/Props/Materials/Gojo/LASHES.mat using Guid(7d8f191783f9fa84aaabd1e961fce309) Importer(815301076,1909f56bfc062723c751e8b465ee728b)  -> (artifact id: '9b13251f06f3786f249b939a32b72a06') in 0.030212 seconds
Number of updated asset objects reloaded before import = 0
Number of asset objects unloaded after import = 3
========================================================================
Received Import Request.
  Time since last request: 0.000026 seconds.
  path: Assets/Props/Materials/Gojo/IRIS.mat
  artifactKey: Guid(ea9f3d8a95b27a44d88510b3a331528a) Importer(815301076,1909f56bfc062723c751e8b465ee728b)
Start importing Assets/Props/Materials/Gojo/IRIS.mat using Guid(ea9f3d8a95b27a44d88510b3a331528a) Importer(815301076,1909f56bfc062723c751e8b465ee728b)  -> (artifact id: '26bacb88a383ece98919055eebda7dad') in 0.010691 seconds
Number of updated asset objects reloaded before import = 0
Number of asset objects unloaded after import = 3
========================================================================
Received Import Request.
  Time since last request: 0.000021 seconds.
  path: Assets/Props/Materials/Gojo/TRANSPARENT HEAD.mat
  artifactKey: Guid(6b486becdfd1d6f41a29f17aba15cbc5) Importer(815301076,1909f56bfc062723c751e8b465ee728b)
Start importing Assets/Props/Materials/Gojo/TRANSPARENT HEAD.mat using Guid(6b486becdfd1d6f41a29f17aba15cbc5) Importer(815301076,1909f56bfc062723c751e8b465ee728b)  -> (artifact id: '6ccc7500341e7e4142f9075c6bd2b482') in 0.005720 seconds
Number of updated asset objects reloaded before import = 0
Number of asset objects unloaded after import = 2
========================================================================
Received Import Request.
  Time since last request: 16.267383 seconds.
  path: Assets/Props/Materials/Gojo/CLOTHES(Backup).mat
  artifactKey: Guid(159c60d3865d282468e31dd19194e061) Importer(815301076,1909f56bfc062723c751e8b465ee728b)
Start importing Assets/Props/Materials/Gojo/CLOTHES(Backup).mat using Guid(159c60d3865d282468e31dd19194e061) Importer(815301076,1909f56bfc062723c751e8b465ee728b)  -> (artifact id: '417fd82cdd3bd36fc7a202d9f8d79ef9') in 0.068343 seconds
Number of updated asset objects reloaded before import = 1
Number of asset objects unloaded after import = 4
========================================================================
Received Import Request.
  Time since last request: 0.000020 seconds.
  path: Assets/Props/Materials/Gojo/FACE.mat
  artifactKey: Guid(321f375a7168bde46a5c4b240899a1fc) Importer(815301076,1909f56bfc062723c751e8b465ee728b)
Start importing Assets/Props/Materials/Gojo/FACE.mat using Guid(321f375a7168bde46a5c4b240899a1fc) Importer(815301076,1909f56bfc062723c751e8b465ee728b)  -> (artifact id: 'b5c972c3dc4dfca102b04699f3706b7f') in 0.015062 seconds
Number of updated asset objects reloaded before import = 0
Number of asset objects unloaded after import = 4
========================================================================
Received Import Request.
  Time since last request: 37.949599 seconds.
  path: Assets/Props/Materials/Gojo/CLOTHES(Backup).mat
  artifactKey: Guid(159c60d3865d282468e31dd19194e061) Importer(815301076,1909f56bfc062723c751e8b465ee728b)
Start importing Assets/Props/Materials/Gojo/CLOTHES(Backup).mat using Guid(159c60d3865d282468e31dd19194e061) Importer(815301076,1909f56bfc062723c751e8b465ee728b)  -> (artifact id: 'c598d3b859c31d60c64486770c9cb60b') in 0.060288 seconds
Number of updated asset objects reloaded before import = 1
Number of asset objects unloaded after import = 4
========================================================================
Received Import Request.
  Time since last request: 0.000023 seconds.
  path: Assets/Props/Materials/Gojo/LASHES.mat
  artifactKey: Guid(7d8f191783f9fa84aaabd1e961fce309) Importer(815301076,1909f56bfc062723c751e8b465ee728b)
Start importing Assets/Props/Materials/Gojo/LASHES.mat using Guid(7d8f191783f9fa84aaabd1e961fce309) Importer(815301076,1909f56bfc062723c751e8b465ee728b)  -> (artifact id: '333b4aed66b1f6b53bc17d47e5f1387c') in 0.007943 seconds
Number of updated asset objects reloaded before import = 0
Number of asset objects unloaded after import = 3
========================================================================
Received Import Request.
  Time since last request: 0.000018 seconds.
  path: Assets/Props/Materials/Gojo/HAIR 1 BLIND.mat
  artifactKey: Guid(d4abdeeb8d9c44c45bfc9c73edd07ce3) Importer(815301076,1909f56bfc062723c751e8b465ee728b)
Start importing Assets/Props/Materials/Gojo/HAIR 1 BLIND.mat using Guid(d4abdeeb8d9c44c45bfc9c73edd07ce3) Importer(815301076,1909f56bfc062723c751e8b465ee728b)  -> (artifact id: 'b795092dc97fa2c228708dcaa47a397d') in 0.052553 seconds
Number of updated asset objects reloaded before import = 0
Number of asset objects unloaded after import = 3
========================================================================
Received Import Request.
  Time since last request: 6.922112 seconds.
  path: Assets/Props/Materials/Gojo/CLOTHES(Backup).mat
  artifactKey: Guid(159c60d3865d282468e31dd19194e061) Importer(815301076,1909f56bfc062723c751e8b465ee728b)
Start importing Assets/Props/Materials/Gojo/CLOTHES(Backup).mat using Guid(159c60d3865d282468e31dd19194e061) Importer(815301076,1909f56bfc062723c751e8b465ee728b)  -> (artifact id: '2d3c37088d9582975a772acccffa2076') in 0.049483 seconds
Number of updated asset objects reloaded before import = 1
Number of asset objects unloaded after import = 4
========================================================================
Received Import Request.
  Time since last request: 0.000021 seconds.
  path: Assets/Props/Materials/Gojo/LASHES.mat
  artifactKey: Guid(7d8f191783f9fa84aaabd1e961fce309) Importer(815301076,1909f56bfc062723c751e8b465ee728b)
Start importing Assets/Props/Materials/Gojo/LASHES.mat using Guid(7d8f191783f9fa84aaabd1e961fce309) Importer(815301076,1909f56bfc062723c751e8b465ee728b)  -> (artifact id: '646464db2af619a5918bff7b34176248') in 0.005971 seconds
Number of updated asset objects reloaded before import = 0
Number of asset objects unloaded after import = 3
========================================================================
Received Import Request.
  Time since last request: 0.000026 seconds.
  path: Assets/Props/Materials/Gojo/HAIR 2.mat
  artifactKey: Guid(158f8ad50c77d4945944582cea0da9fd) Importer(815301076,1909f56bfc062723c751e8b465ee728b)
Start importing Assets/Props/Materials/Gojo/HAIR 2.mat using Guid(158f8ad50c77d4945944582cea0da9fd) Importer(815301076,1909f56bfc062723c751e8b465ee728b)  -> (artifact id: 'fa11c0dd5d6c11948c4bdf39729bf40a') in 0.006629 seconds
Number of updated asset objects reloaded before import = 0
Number of asset objects unloaded after import = 3
========================================================================
Received Import Request.
  Time since last request: 0.000020 seconds.
  path: Assets/Props/Materials/Gojo/TRANSPARENT HEAD.mat
  artifactKey: Guid(6b486becdfd1d6f41a29f17aba15cbc5) Importer(815301076,1909f56bfc062723c751e8b465ee728b)
Start importing Assets/Props/Materials/Gojo/TRANSPARENT HEAD.mat using Guid(6b486becdfd1d6f41a29f17aba15cbc5) Importer(815301076,1909f56bfc062723c751e8b465ee728b)  -> (artifact id: '08d7389d1a17cf32407e160c8d49a1e7') in 0.006107 seconds
Number of updated asset objects reloaded before import = 0
Number of asset objects unloaded after import = 2
========================================================================
Received Import Request.
  Time since last request: 10.805968 seconds.
  path: Assets/Props/Materials/Gojo/CLOTHES(Backup).mat
  artifactKey: Guid(159c60d3865d282468e31dd19194e061) Importer(815301076,1909f56bfc062723c751e8b465ee728b)
Start importing Assets/Props/Materials/Gojo/CLOTHES(Backup).mat using Guid(159c60d3865d282468e31dd19194e061) Importer(815301076,1909f56bfc062723c751e8b465ee728b)  -> (artifact id: 'c4d57d15cdcaf3ea993ed86e5d2100e7') in 0.051807 seconds
Number of updated asset objects reloaded before import = 1
Number of asset objects unloaded after import = 4
========================================================================
Received Import Request.
  Time since last request: 0.000020 seconds.
  path: Assets/Props/Materials/Gojo/IRIS.mat
  artifactKey: Guid(ea9f3d8a95b27a44d88510b3a331528a) Importer(815301076,1909f56bfc062723c751e8b465ee728b)
Start importing Assets/Props/Materials/Gojo/IRIS.mat using Guid(ea9f3d8a95b27a44d88510b3a331528a) Importer(815301076,1909f56bfc062723c751e8b465ee728b)  -> (artifact id: 'ae3b510810cb033b2fec0e25bb82ad04') in 0.006338 seconds
Number of updated asset objects reloaded before import = 0
Number of asset objects unloaded after import = 3
========================================================================
Received Import Request.
  Time since last request: 0.000031 seconds.
  path: Assets/Props/Materials/Gojo/HAIR 1 BLIND.mat
  artifactKey: Guid(d4abdeeb8d9c44c45bfc9c73edd07ce3) Importer(815301076,1909f56bfc062723c751e8b465ee728b)
Start importing Assets/Props/Materials/Gojo/HAIR 1 BLIND.mat using Guid(d4abdeeb8d9c44c45bfc9c73edd07ce3) Importer(815301076,1909f56bfc062723c751e8b465ee728b)  -> (artifact id: '67cb1f85b814351a2dc4b909d1985c97') in 0.006355 seconds
Number of updated asset objects reloaded before import = 0
Number of asset objects unloaded after import = 3
========================================================================
Received Import Request.
  Time since last request: 0.000021 seconds.
  path: Assets/Props/Materials/Gojo/HANDS.mat
  artifactKey: Guid(1ee50ea6025ac9c42be622b9b585673a) Importer(815301076,1909f56bfc062723c751e8b465ee728b)
Start importing Assets/Props/Materials/Gojo/HANDS.mat using Guid(1ee50ea6025ac9c42be622b9b585673a) Importer(815301076,1909f56bfc062723c751e8b465ee728b)  -> (artifact id: 'f8ae09c9da898ff301c0510883cb3de8') in 0.006058 seconds
Number of updated asset objects reloaded before import = 0
Number of asset objects unloaded after import = 3
========================================================================
Received Import Request.
  Time since last request: 12.128628 seconds.
  path: Assets/Props/Materials/Gojo/CLOTHES(Backup).mat
  artifactKey: Guid(159c60d3865d282468e31dd19194e061) Importer(815301076,1909f56bfc062723c751e8b465ee728b)
Start importing Assets/Props/Materials/Gojo/CLOTHES(Backup).mat using Guid(159c60d3865d282468e31dd19194e061) Importer(815301076,1909f56bfc062723c751e8b465ee728b)  -> (artifact id: '48b58a3338039b3e73862471d102079b') in 0.055930 seconds
Number of updated asset objects reloaded before import = 1
Number of asset objects unloaded after import = 4
========================================================================
Received Import Request.
  Time since last request: 0.000014 seconds.
  path: Assets/Props/Materials/Gojo/HAIR 2.mat
  artifactKey: Guid(158f8ad50c77d4945944582cea0da9fd) Importer(815301076,1909f56bfc062723c751e8b465ee728b)
Start importing Assets/Props/Materials/Gojo/HAIR 2.mat using Guid(158f8ad50c77d4945944582cea0da9fd) Importer(815301076,1909f56bfc062723c751e8b465ee728b)  -> (artifact id: 'f47e06677b2e0265866595d883f41d75') in 0.006944 seconds
Number of updated asset objects reloaded before import = 0
Number of asset objects unloaded after import = 3
========================================================================
Received Import Request.
  Time since last request: 0.000018 seconds.
  path: Assets/Props/Materials/Gojo/FACE.mat
  artifactKey: Guid(321f375a7168bde46a5c4b240899a1fc) Importer(815301076,1909f56bfc062723c751e8b465ee728b)
Start importing Assets/Props/Materials/Gojo/FACE.mat using Guid(321f375a7168bde46a5c4b240899a1fc) Importer(815301076,1909f56bfc062723c751e8b465ee728b)  -> (artifact id: 'd16df327d525c242a3e2d8b8c165eb63') in 0.009282 seconds
Number of updated asset objects reloaded before import = 0
Number of asset objects unloaded after import = 4
========================================================================
Received Import Request.
  Time since last request: 11.375809 seconds.
  path: Assets/Props/Materials/Gojo/CLOTHES(Backup).mat
  artifactKey: Guid(159c60d3865d282468e31dd19194e061) Importer(815301076,1909f56bfc062723c751e8b465ee728b)
Start importing Assets/Props/Materials/Gojo/CLOTHES(Backup).mat using Guid(159c60d3865d282468e31dd19194e061) Importer(815301076,1909f56bfc062723c751e8b465ee728b)  -> (artifact id: '8075c2947a562aa7db1f7251db24832f') in 0.050646 seconds
Number of updated asset objects reloaded before import = 1
Number of asset objects unloaded after import = 4
========================================================================
Received Import Request.
  Time since last request: 0.000017 seconds.
  path: Assets/Props/Materials/Gojo/IRIS.mat
  artifactKey: Guid(ea9f3d8a95b27a44d88510b3a331528a) Importer(815301076,1909f56bfc062723c751e8b465ee728b)
Start importing Assets/Props/Materials/Gojo/IRIS.mat using Guid(ea9f3d8a95b27a44d88510b3a331528a) Importer(815301076,1909f56bfc062723c751e8b465ee728b)  -> (artifact id: '91adbad68499fd5da9953b64feed497e') in 0.007594 seconds
Number of updated asset objects reloaded before import = 0
Number of asset objects unloaded after import = 3
========================================================================
Received Import Request.
  Time since last request: 0.000026 seconds.
  path: Assets/Props/Materials/Gojo/FACE.mat
  artifactKey: Guid(321f375a7168bde46a5c4b240899a1fc) Importer(815301076,1909f56bfc062723c751e8b465ee728b)
Start importing Assets/Props/Materials/Gojo/FACE.mat using Guid(321f375a7168bde46a5c4b240899a1fc) Importer(815301076,1909f56bfc062723c751e8b465ee728b)  -> (artifact id: 'a08b7b32106dd71b4fdc5b5ef7a2e69d') in 0.007596 seconds
Number of updated asset objects reloaded before import = 0
Number of asset objects unloaded after import = 4
========================================================================
Received Import Request.
  Time since last request: 5.031884 seconds.
  path: Assets/Props/Materials/Gojo/CLOTHES(Backup).mat
  artifactKey: Guid(159c60d3865d282468e31dd19194e061) Importer(815301076,1909f56bfc062723c751e8b465ee728b)
Start importing Assets/Props/Materials/Gojo/CLOTHES(Backup).mat using Guid(159c60d3865d282468e31dd19194e061) Importer(815301076,1909f56bfc062723c751e8b465ee728b)  -> (artifact id: 'df8132fb125ee1ade36f96a2feaba89b') in 0.054864 seconds
Number of updated asset objects reloaded before import = 1
Number of asset objects unloaded after import = 4
========================================================================
Received Import Request.
  Time since last request: 0.000015 seconds.
  path: Assets/Props/Materials/Gojo/IRIS.mat
  artifactKey: Guid(ea9f3d8a95b27a44d88510b3a331528a) Importer(815301076,1909f56bfc062723c751e8b465ee728b)
Start importing Assets/Props/Materials/Gojo/IRIS.mat using Guid(ea9f3d8a95b27a44d88510b3a331528a) Importer(815301076,1909f56bfc062723c751e8b465ee728b)  -> (artifact id: '8d8d0eecedfa8481e62fabf0e71c20cd') in 0.007497 seconds
Number of updated asset objects reloaded before import = 0
Number of asset objects unloaded after import = 3
========================================================================
Received Import Request.
  Time since last request: 0.000018 seconds.
  path: Assets/Props/Materials/Gojo/FACE.mat
  artifactKey: Guid(321f375a7168bde46a5c4b240899a1fc) Importer(815301076,1909f56bfc062723c751e8b465ee728b)
Start importing Assets/Props/Materials/Gojo/FACE.mat using Guid(321f375a7168bde46a5c4b240899a1fc) Importer(815301076,1909f56bfc062723c751e8b465ee728b)  -> (artifact id: '3b625497c37c090a055e87d365a701af') in 0.007745 seconds
Number of updated asset objects reloaded before import = 0
Number of asset objects unloaded after import = 4
========================================================================
Received Prepare
Begin MonoManager ReloadAssembly
Symbol file LoadedFromMemory doesn't match image D:\projects\Git\Manga-Material\Manga Material\Library\PackageCache\com.unity.visualscripting@1.8.0\Editor\VisualScripting.Core\Dependencies\YamlDotNet\Unity.VisualScripting.YamlDotNet.dll
Symbol file LoadedFromMemory doesn't match image D:\projects\Git\Manga-Material\Manga Material\Library\PackageCache\com.unity.visualscripting@1.8.0\Editor\VisualScripting.Core\Dependencies\DotNetZip\Unity.VisualScripting.IonicZip.dll
- Loaded All Assemblies, in  0.458 seconds
Refreshing native plugins compatible for Editor in 2.46 ms, found 3 plugins.
Native extension for UWP target not found
Native extension for WindowsStandalone target not found
Mono: successfully reloaded assembly
- Finished resetting the current domain, in  0.862 seconds
Domain Reload Profiling: 1320ms
	BeginReloadAssembly (146ms)
		ExecutionOrderSort (0ms)
		DisableScriptedObjects (5ms)
		BackupInstance (0ms)
		ReleaseScriptingObjects (0ms)
		CreateAndSetChildDomain (33ms)
	RebuildCommonClasses (32ms)
	RebuildNativeTypeToScriptingClass (18ms)
	initialDomainReloadingComplete (29ms)
	LoadAllAssembliesAndSetupDomain (232ms)
		LoadAssemblies (298ms)
		RebuildTransferFunctionScriptingTraits (0ms)
		AnalyzeDomain (13ms)
			TypeCache.Refresh (6ms)
				TypeCache.ScanAssembly (0ms)
			ScanForSourceGeneratedMonoScriptInfo (0ms)
			ResolveRequiredComponents (5ms)
	FinalizeReload (863ms)
		ReleaseScriptCaches (0ms)
		RebuildScriptCaches (0ms)
		SetupLoadedEditorAssemblies (412ms)
			LogAssemblyErrors (0ms)
			InitializePlatformSupportModulesInManaged (5ms)
			SetLoadedEditorAssemblies (4ms)
			RefreshPlugins (0ms)
			BeforeProcessingInitializeOnLoad (106ms)
			ProcessInitializeOnLoadAttributes (267ms)
			ProcessInitializeOnLoadMethodAttributes (25ms)
			AfterProcessingInitializeOnLoad (3ms)
			EditorAssembliesLoaded (0ms)
		ExecutionOrderSort2 (0ms)
		AwakeInstancesAfterBackupRestoration (13ms)
Refreshing native plugins compatible for Editor in 1.99 ms, found 3 plugins.
Preloading 0 native plugins for Editor in 0.00 ms.
Unloading 3059 Unused Serialized files (Serialized files now loaded: 0)
Unloading 22 unused Assets / (30.4 KB). Loaded Objects now: 3589.
Memory consumption went from 117.6 MB to 117.6 MB.
Total: 3.142400 ms (FindLiveObjects: 0.251900 ms CreateObjectMapping: 0.249200 ms MarkObjects: 2.590300 ms  DeleteObjects: 0.050100 ms)

Prepare: number of updated asset objects reloaded= 1
AssetImportParameters requested are different than current active one (requested -> active):
  custom:container-demuxer-ogg: 62fdf1f143b41e24485cea50d1cbac27 -> 
  custom:video-decoder-ogg-theora: a1e56fd34408186e4bbccfd4996cb3dc -> 
  custom:framework-win-MediaFoundation: 216162199b28c13a410421893ffa2e32 -> 
  custom:CustomObjectIndexerAttribute: 756ad292c208cfabdd7b50bc23989ffe -> 
  custom:container-demuxer-webm: 4f35f7cbe854078d1ac9338744f61a02 -> 
  custom:container-muxer-webm: aa71ff27fc2769a1b78a27578f13a17b -> 
  custom:video-decoder-webm-vp8: 9c59270c3fd7afecdb556c50c9e8de78 -> 
  custom:SearchIndexIgnoredProperties: e643bd26f0fe6173181afceb89e7c659 -> 
  custom:AudioImporter_EditorPlatform: d09bf68614088b80899f8185d706f6e7 -> 
  custom:video-encoder-webm-vp8: eb34c28f22e8b96e1ab97ce403110664 -> 
  custom:audio-decoder-ogg-vorbis: bf7c407c2cedff20999df2af8eb42d56 -> 
  custom:audio-encoder-webm-vorbis: bf7c407c2cedff20999df2af8eb42d56 -> 
Editor requested this worker to shutdown with reason: Scaling down because of idle timeout
TcpMessagingSession - receive error: operation aborted. errorcode: 995, details: The I/O operation has been aborted because of either a thread exit or an application request.
AssetImportWorker is now disconnected from the server
Process exiting
Exiting without the bug reporter. Application will terminate with return code 0