Using pre-set license
Built from '2022.3/staging' branch; Version is '2022.3.7f1 (b16b3b16c7a0) revision 11627323'; Using compiler version '192829333'; Build Type 'Release'
OS: 'Windows 10  (10.0.19045) 64bit Professional' Language: 'en' Physical Memory: 16294 MB
BatchMode: 1, IsHumanControllingUs: 0, StartBugReporterOnCrash: 0, Is64bit: 1, IsPro: 1

COMMAND LINE ARGUMENTS:
D:\programs\Unity Editors\2022.3.7f1\Editor\Unity.exe
-adb2
-batchMode
-noUpm
-name
AssetImportWorker7
-projectPath
D:/projects/Git/Manga-Material/Manga Material
-logFile
Logs/AssetImportWorker7.log
-srvPort
54473
Successfully changed project path to: D:/projects/Git/Manga-Material/Manga Material
D:/projects/Git/Manga-Material/Manga Material
[UnityMemory] Configuration Parameters - Can be set up in boot.config
    "memorysetup-bucket-allocator-granularity=16"
    "memorysetup-bucket-allocator-bucket-count=8"
    "memorysetup-bucket-allocator-block-size=33554432"
    "memorysetup-bucket-allocator-block-count=8"
    "memorysetup-main-allocator-block-size=16777216"
    "memorysetup-thread-allocator-block-size=16777216"
    "memorysetup-gfx-main-allocator-block-size=16777216"
    "memorysetup-gfx-thread-allocator-block-size=16777216"
    "memorysetup-cache-allocator-block-size=4194304"
    "memorysetup-typetree-allocator-block-size=2097152"
    "memorysetup-profiler-bucket-allocator-granularity=16"
    "memorysetup-profiler-bucket-allocator-bucket-count=8"
    "memorysetup-profiler-bucket-allocator-block-size=33554432"
    "memorysetup-profiler-bucket-allocator-block-count=8"
    "memorysetup-profiler-allocator-block-size=16777216"
    "memorysetup-profiler-editor-allocator-block-size=1048576"
    "memorysetup-temp-allocator-size-main=16777216"
    "memorysetup-job-temp-allocator-block-size=2097152"
    "memorysetup-job-temp-allocator-block-size-background=1048576"
    "memorysetup-job-temp-allocator-reduction-small-platforms=262144"
    "memorysetup-allocator-temp-initial-block-size-main=262144"
    "memorysetup-allocator-temp-initial-block-size-worker=262144"
    "memorysetup-temp-allocator-size-background-worker=32768"
    "memorysetup-temp-allocator-size-job-worker=262144"
    "memorysetup-temp-allocator-size-preload-manager=33554432"
    "memorysetup-temp-allocator-size-nav-mesh-worker=65536"
    "memorysetup-temp-allocator-size-audio-worker=65536"
    "memorysetup-temp-allocator-size-cloud-worker=32768"
    "memorysetup-temp-allocator-size-gi-baking-worker=262144"
    "memorysetup-temp-allocator-size-gfx=262144"
Player connection [16944] Host "[IP] 192.168.2.221 [Port] 0 [Flags] 2 [Guid] 986546100 [EditorId] 986546100 [Version] 1048832 [Id] WindowsEditor(7,DESKTOP-J5TC0EM) [Debug] 1 [PackageName] WindowsEditor [ProjectName] Editor" joined multi-casting on [225.0.0.222:54997]...

Player connection [16944] Host "[IP] 192.168.2.221 [Port] 0 [Flags] 2 [Guid] 986546100 [EditorId] 986546100 [Version] 1048832 [Id] WindowsEditor(7,DESKTOP-J5TC0EM) [Debug] 1 [PackageName] WindowsEditor [ProjectName] Editor" joined alternative multi-casting on [225.0.0.222:34997]...

Refreshing native plugins compatible for Editor in 5.82 ms, found 3 plugins.
Preloading 0 native plugins for Editor in 0.00 ms.
Initialize engine version: 2022.3.7f1 (b16b3b16c7a0)
[Subsystems] Discovering subsystems at path D:/programs/Unity Editors/2022.3.7f1/Editor/Data/Resources/UnitySubsystems
[Subsystems] Discovering subsystems at path D:/projects/Git/Manga-Material/Manga Material/Assets
GfxDevice: creating device client; threaded=0; jobified=0
Direct3D:
    Version:  Direct3D 11.0 [level 11.1]
    Renderer: NVIDIA GeForce GTX 1650 (ID=0x1f82)
    Vendor:   NVIDIA
    VRAM:     3935 MB
    Driver:   32.0.15.6094
Initialize mono
Mono path[0] = 'D:/programs/Unity Editors/2022.3.7f1/Editor/Data/Managed'
Mono path[1] = 'D:/programs/Unity Editors/2022.3.7f1/Editor/Data/MonoBleedingEdge/lib/mono/unityjit-win32'
Mono config path = 'D:/programs/Unity Editors/2022.3.7f1/Editor/Data/MonoBleedingEdge/etc'
Using monoOptions --debugger-agent=transport=dt_socket,embedding=1,server=y,suspend=n,address=127.0.0.1:56576
Begin MonoManager ReloadAssembly
Registering precompiled unity dll's ...
Register platform support module: D:/programs/Unity Editors/2022.3.7f1/Editor/Data/PlaybackEngines/WindowsStandaloneSupport/UnityEditor.WindowsStandalone.Extensions.dll
Register platform support module: D:/programs/Unity Editors/2022.3.7f1/Editor/Data/PlaybackEngines/MetroSupport/UnityEditor.UWP.Extensions.dll
Registered in 0.004750 seconds.
- Loaded All Assemblies, in  0.338 seconds
Native extension for UWP target not found
Native extension for WindowsStandalone target not found
Mono: successfully reloaded assembly
- Finished resetting the current domain, in  0.252 seconds
Domain Reload Profiling: 590ms
	BeginReloadAssembly (105ms)
		ExecutionOrderSort (0ms)
		DisableScriptedObjects (0ms)
		BackupInstance (0ms)
		ReleaseScriptingObjects (0ms)
		CreateAndSetChildDomain (1ms)
	RebuildCommonClasses (32ms)
	RebuildNativeTypeToScriptingClass (11ms)
	initialDomainReloadingComplete (47ms)
	LoadAllAssembliesAndSetupDomain (142ms)
		LoadAssemblies (104ms)
		RebuildTransferFunctionScriptingTraits (0ms)
		AnalyzeDomain (140ms)
			TypeCache.Refresh (139ms)
				TypeCache.ScanAssembly (126ms)
			ScanForSourceGeneratedMonoScriptInfo (0ms)
			ResolveRequiredComponents (0ms)
	FinalizeReload (252ms)
		ReleaseScriptCaches (0ms)
		RebuildScriptCaches (0ms)
		SetupLoadedEditorAssemblies (193ms)
			LogAssemblyErrors (0ms)
			InitializePlatformSupportModulesInManaged (8ms)
			SetLoadedEditorAssemblies (6ms)
			RefreshPlugins (0ms)
			BeforeProcessingInitializeOnLoad (2ms)
			ProcessInitializeOnLoadAttributes (126ms)
			ProcessInitializeOnLoadMethodAttributes (51ms)
			AfterProcessingInitializeOnLoad (0ms)
			EditorAssembliesLoaded (0ms)
		ExecutionOrderSort2 (0ms)
		AwakeInstancesAfterBackupRestoration (0ms)
========================================================================
Worker process is ready to serve import requests
Begin MonoManager ReloadAssembly
Symbol file LoadedFromMemory doesn't match image D:\projects\Git\Manga-Material\Manga Material\Library\PackageCache\com.unity.visualscripting@1.8.0\Editor\VisualScripting.Core\Dependencies\YamlDotNet\Unity.VisualScripting.YamlDotNet.dll
Symbol file LoadedFromMemory doesn't match image D:\projects\Git\Manga-Material\Manga Material\Library\PackageCache\com.unity.visualscripting@1.8.0\Editor\VisualScripting.Core\Dependencies\DotNetZip\Unity.VisualScripting.IonicZip.dll
- Loaded All Assemblies, in  0.561 seconds
Refreshing native plugins compatible for Editor in 1.86 ms, found 3 plugins.
Native extension for UWP target not found
Native extension for WindowsStandalone target not found
Mono: successfully reloaded assembly
- Finished resetting the current domain, in  0.518 seconds
Domain Reload Profiling: 1079ms
	BeginReloadAssembly (133ms)
		ExecutionOrderSort (0ms)
		DisableScriptedObjects (5ms)
		BackupInstance (0ms)
		ReleaseScriptingObjects (0ms)
		CreateAndSetChildDomain (19ms)
	RebuildCommonClasses (31ms)
	RebuildNativeTypeToScriptingClass (12ms)
	initialDomainReloadingComplete (34ms)
	LoadAllAssembliesAndSetupDomain (351ms)
		LoadAssemblies (263ms)
		RebuildTransferFunctionScriptingTraits (0ms)
		AnalyzeDomain (164ms)
			TypeCache.Refresh (145ms)
				TypeCache.ScanAssembly (132ms)
			ScanForSourceGeneratedMonoScriptInfo (14ms)
			ResolveRequiredComponents (4ms)
	FinalizeReload (518ms)
		ReleaseScriptCaches (0ms)
		RebuildScriptCaches (0ms)
		SetupLoadedEditorAssemblies (371ms)
			LogAssemblyErrors (0ms)
			InitializePlatformSupportModulesInManaged (5ms)
			SetLoadedEditorAssemblies (5ms)
			RefreshPlugins (0ms)
			BeforeProcessingInitializeOnLoad (82ms)
			ProcessInitializeOnLoadAttributes (256ms)
			ProcessInitializeOnLoadMethodAttributes (20ms)
			AfterProcessingInitializeOnLoad (3ms)
			EditorAssembliesLoaded (0ms)
		ExecutionOrderSort2 (0ms)
		AwakeInstancesAfterBackupRestoration (10ms)
Launched and connected shader compiler UnityShaderCompiler.exe after 0.06 seconds
Refreshing native plugins compatible for Editor in 1.73 ms, found 3 plugins.
Preloading 0 native plugins for Editor in 0.00 ms.
Unloading 3068 Unused Serialized files (Serialized files now loaded: 0)
Unloading 31 unused Assets / (56.3 KB). Loaded Objects now: 3530.
Memory consumption went from 114.3 MB to 114.2 MB.
Total: 2.696100 ms (FindLiveObjects: 0.226200 ms CreateObjectMapping: 0.201500 ms MarkObjects: 2.191700 ms  DeleteObjects: 0.076100 ms)

AssetImportParameters requested are different than current active one (requested -> active):
  custom:container-demuxer-ogg: 62fdf1f143b41e24485cea50d1cbac27 -> 
  custom:video-decoder-ogg-theora: a1e56fd34408186e4bbccfd4996cb3dc -> 
  custom:framework-win-MediaFoundation: 216162199b28c13a410421893ffa2e32 -> 
  custom:CustomObjectIndexerAttribute: 756ad292c208cfabdd7b50bc23989ffe -> 
  custom:container-demuxer-webm: 4f35f7cbe854078d1ac9338744f61a02 -> 
  custom:container-muxer-webm: aa71ff27fc2769a1b78a27578f13a17b -> 
  custom:video-decoder-webm-vp8: 9c59270c3fd7afecdb556c50c9e8de78 -> 
  custom:SearchIndexIgnoredProperties: e643bd26f0fe6173181afceb89e7c659 -> 
  custom:AudioImporter_EditorPlatform: d09bf68614088b80899f8185d706f6e7 -> 
  custom:video-encoder-webm-vp8: eb34c28f22e8b96e1ab97ce403110664 -> 
  custom:audio-decoder-ogg-vorbis: bf7c407c2cedff20999df2af8eb42d56 -> 
  custom:audio-encoder-webm-vorbis: bf7c407c2cedff20999df2af8eb42d56 -> 
========================================================================
Received Import Request.
  Time since last request: 369308.868443 seconds.
  path: Assets/Props/Materials/Gojo/EYEBROWS.mat
  artifactKey: Guid(c496691110e38244cbf22c88b05e2b6e) Importer(815301076,1909f56bfc062723c751e8b465ee728b)
Start importing Assets/Props/Materials/Gojo/EYEBROWS.mat using Guid(c496691110e38244cbf22c88b05e2b6e) Importer(815301076,1909f56bfc062723c751e8b465ee728b)  -> (artifact id: '9ae3c4e9e7a6b763b8c2e395d1cf14bd') in 0.163823 seconds
Number of updated asset objects reloaded before import = 1
Number of asset objects unloaded after import = 3
========================================================================
Received Import Request.
  Time since last request: 31.023849 seconds.
  path: Assets/Props/Materials/Gojo/EYEBROWS.mat
  artifactKey: Guid(c496691110e38244cbf22c88b05e2b6e) Importer(815301076,1909f56bfc062723c751e8b465ee728b)
Start importing Assets/Props/Materials/Gojo/EYEBROWS.mat using Guid(c496691110e38244cbf22c88b05e2b6e) Importer(815301076,1909f56bfc062723c751e8b465ee728b)  -> (artifact id: 'b0a5ca1b03f74a7c3b159f46bf9f8275') in 0.096036 seconds
Number of updated asset objects reloaded before import = 1
Number of asset objects unloaded after import = 3
========================================================================
Received Import Request.
  Time since last request: 0.000029 seconds.
  path: Assets/Props/Materials/Gojo/EYES.mat
  artifactKey: Guid(dbff7e64b399aaa4392f7aa18e9da670) Importer(815301076,1909f56bfc062723c751e8b465ee728b)
Start importing Assets/Props/Materials/Gojo/EYES.mat using Guid(dbff7e64b399aaa4392f7aa18e9da670) Importer(815301076,1909f56bfc062723c751e8b465ee728b)  -> (artifact id: 'df568977ad0d8410bab07ce07a81e5a6') in 0.010406 seconds
Number of updated asset objects reloaded before import = 0
Number of asset objects unloaded after import = 3
========================================================================
Received Import Request.
  Time since last request: 0.000027 seconds.
  path: Assets/Props/Materials/Gojo/HAIR 1 BLIND.mat
  artifactKey: Guid(d4abdeeb8d9c44c45bfc9c73edd07ce3) Importer(815301076,1909f56bfc062723c751e8b465ee728b)
Start importing Assets/Props/Materials/Gojo/HAIR 1 BLIND.mat using Guid(d4abdeeb8d9c44c45bfc9c73edd07ce3) Importer(815301076,1909f56bfc062723c751e8b465ee728b)  -> (artifact id: '5cee5a031a932ffbd1ea1b407f54878c') in 0.008283 seconds
Number of updated asset objects reloaded before import = 0
Number of asset objects unloaded after import = 3
========================================================================
Received Import Request.
  Time since last request: 0.000016 seconds.
  path: Assets/Props/Materials/Gojo/HANDS.mat
  artifactKey: Guid(1ee50ea6025ac9c42be622b9b585673a) Importer(815301076,1909f56bfc062723c751e8b465ee728b)
Start importing Assets/Props/Materials/Gojo/HANDS.mat using Guid(1ee50ea6025ac9c42be622b9b585673a) Importer(815301076,1909f56bfc062723c751e8b465ee728b)  -> (artifact id: 'ca3945e28f2d3a1e57700e7a4b4fda89') in 0.006468 seconds
Number of updated asset objects reloaded before import = 0
Number of asset objects unloaded after import = 3
========================================================================
Received Import Request.
  Time since last request: 16.260861 seconds.
  path: Assets/Props/Materials/Gojo/EYEBROWS.mat
  artifactKey: Guid(c496691110e38244cbf22c88b05e2b6e) Importer(815301076,1909f56bfc062723c751e8b465ee728b)
Start importing Assets/Props/Materials/Gojo/EYEBROWS.mat using Guid(c496691110e38244cbf22c88b05e2b6e) Importer(815301076,1909f56bfc062723c751e8b465ee728b)  -> (artifact id: '4932d4d287d74f654a0dff9bf3530bfe') in 0.058538 seconds
Number of updated asset objects reloaded before import = 1
Number of asset objects unloaded after import = 3
========================================================================
Received Import Request.
  Time since last request: 0.000021 seconds.
  path: Assets/Props/Materials/Gojo/IRIS.mat
  artifactKey: Guid(ea9f3d8a95b27a44d88510b3a331528a) Importer(815301076,1909f56bfc062723c751e8b465ee728b)
Start importing Assets/Props/Materials/Gojo/IRIS.mat using Guid(ea9f3d8a95b27a44d88510b3a331528a) Importer(815301076,1909f56bfc062723c751e8b465ee728b)  -> (artifact id: '0bb8c13983a8415e2048786a50e5b938') in 0.005947 seconds
Number of updated asset objects reloaded before import = 0
Number of asset objects unloaded after import = 3
========================================================================
Received Import Request.
  Time since last request: 0.000022 seconds.
  path: Assets/Props/Materials/Gojo/HAIR 2.mat
  artifactKey: Guid(158f8ad50c77d4945944582cea0da9fd) Importer(815301076,1909f56bfc062723c751e8b465ee728b)
Start importing Assets/Props/Materials/Gojo/HAIR 2.mat using Guid(158f8ad50c77d4945944582cea0da9fd) Importer(815301076,1909f56bfc062723c751e8b465ee728b)  -> (artifact id: 'b5fe7e285de10dbd5fc952fa268b8692') in 0.015482 seconds
Number of updated asset objects reloaded before import = 0
Number of asset objects unloaded after import = 3
========================================================================
Received Import Request.
  Time since last request: 0.000017 seconds.
  path: Assets/Props/Materials/Gojo/TRANSPARENT HEAD.mat
  artifactKey: Guid(6b486becdfd1d6f41a29f17aba15cbc5) Importer(815301076,1909f56bfc062723c751e8b465ee728b)
Start importing Assets/Props/Materials/Gojo/TRANSPARENT HEAD.mat using Guid(6b486becdfd1d6f41a29f17aba15cbc5) Importer(815301076,1909f56bfc062723c751e8b465ee728b)  -> (artifact id: 'b4fdcfe29fb84beaf849442f32642bda') in 0.012384 seconds
Number of updated asset objects reloaded before import = 0
Number of asset objects unloaded after import = 2
========================================================================
Received Import Request.
  Time since last request: 37.939753 seconds.
  path: Assets/Props/Materials/Gojo/EYEBROWS.mat
  artifactKey: Guid(c496691110e38244cbf22c88b05e2b6e) Importer(815301076,1909f56bfc062723c751e8b465ee728b)
Start importing Assets/Props/Materials/Gojo/EYEBROWS.mat using Guid(c496691110e38244cbf22c88b05e2b6e) Importer(815301076,1909f56bfc062723c751e8b465ee728b)  -> (artifact id: '1fe6c1bcfb5f69449458722545d164a2') in 0.060803 seconds
Number of updated asset objects reloaded before import = 1
Number of asset objects unloaded after import = 3
========================================================================
Received Import Request.
  Time since last request: 0.000018 seconds.
  path: Assets/Props/Materials/Gojo/EYES.mat
  artifactKey: Guid(dbff7e64b399aaa4392f7aa18e9da670) Importer(815301076,1909f56bfc062723c751e8b465ee728b)
Start importing Assets/Props/Materials/Gojo/EYES.mat using Guid(dbff7e64b399aaa4392f7aa18e9da670) Importer(815301076,1909f56bfc062723c751e8b465ee728b)  -> (artifact id: 'cd88cc851e23d73581b460837210653d') in 0.006276 seconds
Number of updated asset objects reloaded before import = 0
Number of asset objects unloaded after import = 3
========================================================================
Received Import Request.
  Time since last request: 0.000018 seconds.
  path: Assets/Props/Materials/Gojo/HAIR 2.mat
  artifactKey: Guid(158f8ad50c77d4945944582cea0da9fd) Importer(815301076,1909f56bfc062723c751e8b465ee728b)
Start importing Assets/Props/Materials/Gojo/HAIR 2.mat using Guid(158f8ad50c77d4945944582cea0da9fd) Importer(815301076,1909f56bfc062723c751e8b465ee728b)  -> (artifact id: '6d74544a310927032f5fe44e3bfc91fb') in 0.032497 seconds
Number of updated asset objects reloaded before import = 0
Number of asset objects unloaded after import = 3
========================================================================
Received Import Request.
  Time since last request: 0.000016 seconds.
  path: Assets/Props/Materials/Gojo/TRANSPARENT HEAD.mat
  artifactKey: Guid(6b486becdfd1d6f41a29f17aba15cbc5) Importer(815301076,1909f56bfc062723c751e8b465ee728b)
Start importing Assets/Props/Materials/Gojo/TRANSPARENT HEAD.mat using Guid(6b486becdfd1d6f41a29f17aba15cbc5) Importer(815301076,1909f56bfc062723c751e8b465ee728b)  -> (artifact id: '80e0ecd8fd9daf16ead07d61d6ee69b4') in 0.034530 seconds
Number of updated asset objects reloaded before import = 0
Number of asset objects unloaded after import = 2
========================================================================
Received Import Request.
  Time since last request: 6.908449 seconds.
  path: Assets/Props/Materials/Gojo/EYEBROWS.mat
  artifactKey: Guid(c496691110e38244cbf22c88b05e2b6e) Importer(815301076,1909f56bfc062723c751e8b465ee728b)
Start importing Assets/Props/Materials/Gojo/EYEBROWS.mat using Guid(c496691110e38244cbf22c88b05e2b6e) Importer(815301076,1909f56bfc062723c751e8b465ee728b)  -> (artifact id: 'd61acc63c339ed181d41dd77558ceb9c') in 0.050164 seconds
Number of updated asset objects reloaded before import = 1
Number of asset objects unloaded after import = 3
========================================================================
Received Import Request.
  Time since last request: 0.000017 seconds.
  path: Assets/Props/Materials/Gojo/IRIS.mat
  artifactKey: Guid(ea9f3d8a95b27a44d88510b3a331528a) Importer(815301076,1909f56bfc062723c751e8b465ee728b)
Start importing Assets/Props/Materials/Gojo/IRIS.mat using Guid(ea9f3d8a95b27a44d88510b3a331528a) Importer(815301076,1909f56bfc062723c751e8b465ee728b)  -> (artifact id: '93022323d77e7ba9b1b616b1e0d7ab3d') in 0.008533 seconds
Number of updated asset objects reloaded before import = 0
Number of asset objects unloaded after import = 3
========================================================================
Received Import Request.
  Time since last request: 0.000023 seconds.
  path: Assets/Props/Materials/Gojo/FACE.mat
  artifactKey: Guid(321f375a7168bde46a5c4b240899a1fc) Importer(815301076,1909f56bfc062723c751e8b465ee728b)
Start importing Assets/Props/Materials/Gojo/FACE.mat using Guid(321f375a7168bde46a5c4b240899a1fc) Importer(815301076,1909f56bfc062723c751e8b465ee728b)  -> (artifact id: '64e00c2d60cbdf3f4decb4995592df86') in 0.009514 seconds
Number of updated asset objects reloaded before import = 0
Number of asset objects unloaded after import = 4
========================================================================
Received Import Request.
  Time since last request: 10.806600 seconds.
  path: Assets/Props/Materials/Gojo/EYEBROWS.mat
  artifactKey: Guid(c496691110e38244cbf22c88b05e2b6e) Importer(815301076,1909f56bfc062723c751e8b465ee728b)
Start importing Assets/Props/Materials/Gojo/EYEBROWS.mat using Guid(c496691110e38244cbf22c88b05e2b6e) Importer(815301076,1909f56bfc062723c751e8b465ee728b)  -> (artifact id: 'def9502de4cd0719a38bd977f66440a9') in 0.049647 seconds
Number of updated asset objects reloaded before import = 1
Number of asset objects unloaded after import = 3
========================================================================
Received Import Request.
  Time since last request: 0.000021 seconds.
  path: Assets/Props/Materials/Gojo/EYES.mat
  artifactKey: Guid(dbff7e64b399aaa4392f7aa18e9da670) Importer(815301076,1909f56bfc062723c751e8b465ee728b)
Start importing Assets/Props/Materials/Gojo/EYES.mat using Guid(dbff7e64b399aaa4392f7aa18e9da670) Importer(815301076,1909f56bfc062723c751e8b465ee728b)  -> (artifact id: '686f665f206e34b291d7ce846db64d9b') in 0.008943 seconds
Number of updated asset objects reloaded before import = 0
Number of asset objects unloaded after import = 3
========================================================================
Received Import Request.
  Time since last request: 0.000019 seconds.
  path: Assets/Props/Materials/Gojo/FACE.mat
  artifactKey: Guid(321f375a7168bde46a5c4b240899a1fc) Importer(815301076,1909f56bfc062723c751e8b465ee728b)
Start importing Assets/Props/Materials/Gojo/FACE.mat using Guid(321f375a7168bde46a5c4b240899a1fc) Importer(815301076,1909f56bfc062723c751e8b465ee728b)  -> (artifact id: '1834bf046ea667e66b2540c89a6f3ce8') in 0.007605 seconds
Number of updated asset objects reloaded before import = 0
Number of asset objects unloaded after import = 4
========================================================================
Received Import Request.
  Time since last request: 12.133597 seconds.
  path: Assets/Props/Materials/Gojo/EYEBROWS.mat
  artifactKey: Guid(c496691110e38244cbf22c88b05e2b6e) Importer(815301076,1909f56bfc062723c751e8b465ee728b)
Start importing Assets/Props/Materials/Gojo/EYEBROWS.mat using Guid(c496691110e38244cbf22c88b05e2b6e) Importer(815301076,1909f56bfc062723c751e8b465ee728b)  -> (artifact id: 'c4a17a75479ac2b1fd4bccf1e9ec423e') in 0.048129 seconds
Number of updated asset objects reloaded before import = 1
Number of asset objects unloaded after import = 3
========================================================================
Received Import Request.
  Time since last request: 0.000021 seconds.
  path: Assets/Props/Materials/Gojo/LASHES.mat
  artifactKey: Guid(7d8f191783f9fa84aaabd1e961fce309) Importer(815301076,1909f56bfc062723c751e8b465ee728b)
Start importing Assets/Props/Materials/Gojo/LASHES.mat using Guid(7d8f191783f9fa84aaabd1e961fce309) Importer(815301076,1909f56bfc062723c751e8b465ee728b)  -> (artifact id: '0ec4783de1add056e1812ec22ad77226') in 0.006455 seconds
Number of updated asset objects reloaded before import = 0
Number of asset objects unloaded after import = 3
========================================================================
Received Import Request.
  Time since last request: 0.000016 seconds.
  path: Assets/Props/Materials/Gojo/IRIS.mat
  artifactKey: Guid(ea9f3d8a95b27a44d88510b3a331528a) Importer(815301076,1909f56bfc062723c751e8b465ee728b)
Start importing Assets/Props/Materials/Gojo/IRIS.mat using Guid(ea9f3d8a95b27a44d88510b3a331528a) Importer(815301076,1909f56bfc062723c751e8b465ee728b)  -> (artifact id: 'abfe38459f235cb5552e14fa446c1702') in 0.008022 seconds
Number of updated asset objects reloaded before import = 0
Number of asset objects unloaded after import = 3
========================================================================
Received Import Request.
  Time since last request: 0.000018 seconds.
  path: Assets/Props/Materials/Gojo/TRANSPARENT HEAD.mat
  artifactKey: Guid(6b486becdfd1d6f41a29f17aba15cbc5) Importer(815301076,1909f56bfc062723c751e8b465ee728b)
Start importing Assets/Props/Materials/Gojo/TRANSPARENT HEAD.mat using Guid(6b486becdfd1d6f41a29f17aba15cbc5) Importer(815301076,1909f56bfc062723c751e8b465ee728b)  -> (artifact id: 'ab919d7073adc0d8c50cc0d561bb56af') in 0.007261 seconds
Number of updated asset objects reloaded before import = 0
Number of asset objects unloaded after import = 2
========================================================================
Received Import Request.
  Time since last request: 11.377199 seconds.
  path: Assets/Props/Materials/Gojo/EYEBROWS.mat
  artifactKey: Guid(c496691110e38244cbf22c88b05e2b6e) Importer(815301076,1909f56bfc062723c751e8b465ee728b)
Start importing Assets/Props/Materials/Gojo/EYEBROWS.mat using Guid(c496691110e38244cbf22c88b05e2b6e) Importer(815301076,1909f56bfc062723c751e8b465ee728b)  -> (artifact id: '228fd0ee407b170bc8f855b24f073642') in 0.047878 seconds
Number of updated asset objects reloaded before import = 1
Number of asset objects unloaded after import = 3
========================================================================
Received Import Request.
  Time since last request: 0.000018 seconds.
  path: Assets/Props/Materials/Gojo/LASHES.mat
  artifactKey: Guid(7d8f191783f9fa84aaabd1e961fce309) Importer(815301076,1909f56bfc062723c751e8b465ee728b)
Start importing Assets/Props/Materials/Gojo/LASHES.mat using Guid(7d8f191783f9fa84aaabd1e961fce309) Importer(815301076,1909f56bfc062723c751e8b465ee728b)  -> (artifact id: '476c9e87e02a00da5dbc1574f9224e0d') in 0.006096 seconds
Number of updated asset objects reloaded before import = 0
Number of asset objects unloaded after import = 3
========================================================================
Received Import Request.
  Time since last request: 0.000051 seconds.
  path: Assets/Props/Materials/Gojo/HAIR 2.mat
  artifactKey: Guid(158f8ad50c77d4945944582cea0da9fd) Importer(815301076,1909f56bfc062723c751e8b465ee728b)
Start importing Assets/Props/Materials/Gojo/HAIR 2.mat using Guid(158f8ad50c77d4945944582cea0da9fd) Importer(815301076,1909f56bfc062723c751e8b465ee728b)  -> (artifact id: '76488b44536cf6837f8728357fc79a63') in 0.007213 seconds
Number of updated asset objects reloaded before import = 0
Number of asset objects unloaded after import = 3
========================================================================
Received Import Request.
  Time since last request: 0.000022 seconds.
  path: Assets/Props/Materials/Gojo/TRANSPARENT HEAD.mat
  artifactKey: Guid(6b486becdfd1d6f41a29f17aba15cbc5) Importer(815301076,1909f56bfc062723c751e8b465ee728b)
Start importing Assets/Props/Materials/Gojo/TRANSPARENT HEAD.mat using Guid(6b486becdfd1d6f41a29f17aba15cbc5) Importer(815301076,1909f56bfc062723c751e8b465ee728b)  -> (artifact id: 'b07bbdabe55ec885f57d1bcf3922f141') in 0.006213 seconds
Number of updated asset objects reloaded before import = 0
Number of asset objects unloaded after import = 2
========================================================================
Received Import Request.
  Time since last request: 5.029525 seconds.
  path: Assets/Props/Materials/Gojo/EYEBROWS.mat
  artifactKey: Guid(c496691110e38244cbf22c88b05e2b6e) Importer(815301076,1909f56bfc062723c751e8b465ee728b)
Start importing Assets/Props/Materials/Gojo/EYEBROWS.mat using Guid(c496691110e38244cbf22c88b05e2b6e) Importer(815301076,1909f56bfc062723c751e8b465ee728b)  -> (artifact id: '9ab793245fcd34fce18656b573d99c1b') in 0.050599 seconds
Number of updated asset objects reloaded before import = 1
Number of asset objects unloaded after import = 3
========================================================================
Received Import Request.
  Time since last request: 0.000018 seconds.
  path: Assets/Props/Materials/Gojo/LASHES.mat
  artifactKey: Guid(7d8f191783f9fa84aaabd1e961fce309) Importer(815301076,1909f56bfc062723c751e8b465ee728b)
Start importing Assets/Props/Materials/Gojo/LASHES.mat using Guid(7d8f191783f9fa84aaabd1e961fce309) Importer(815301076,1909f56bfc062723c751e8b465ee728b)  -> (artifact id: '643c5a3a03256b681dab72e49b9136ee') in 0.008084 seconds
Number of updated asset objects reloaded before import = 0
Number of asset objects unloaded after import = 3
========================================================================
Received Import Request.
  Time since last request: 0.000016 seconds.
  path: Assets/Props/Materials/Gojo/HAIR 1 BLIND.mat
  artifactKey: Guid(d4abdeeb8d9c44c45bfc9c73edd07ce3) Importer(815301076,1909f56bfc062723c751e8b465ee728b)
Start importing Assets/Props/Materials/Gojo/HAIR 1 BLIND.mat using Guid(d4abdeeb8d9c44c45bfc9c73edd07ce3) Importer(815301076,1909f56bfc062723c751e8b465ee728b)  -> (artifact id: 'dd0385d5092189e9a08d7bcee6b45d93') in 0.007495 seconds
Number of updated asset objects reloaded before import = 0
Number of asset objects unloaded after import = 3
========================================================================
Received Import Request.
  Time since last request: 0.000015 seconds.
  path: Assets/Props/Materials/Gojo/TRANSPARENT HEAD.mat
  artifactKey: Guid(6b486becdfd1d6f41a29f17aba15cbc5) Importer(815301076,1909f56bfc062723c751e8b465ee728b)
Start importing Assets/Props/Materials/Gojo/TRANSPARENT HEAD.mat using Guid(6b486becdfd1d6f41a29f17aba15cbc5) Importer(815301076,1909f56bfc062723c751e8b465ee728b)  -> (artifact id: 'cd83e588efbc1377859d8a2192236f60') in 0.006153 seconds
Number of updated asset objects reloaded before import = 0
Number of asset objects unloaded after import = 2
========================================================================
Received Prepare
Begin MonoManager ReloadAssembly
Symbol file LoadedFromMemory doesn't match image D:\projects\Git\Manga-Material\Manga Material\Library\PackageCache\com.unity.visualscripting@1.8.0\Editor\VisualScripting.Core\Dependencies\YamlDotNet\Unity.VisualScripting.YamlDotNet.dll
Symbol file LoadedFromMemory doesn't match image D:\projects\Git\Manga-Material\Manga Material\Library\PackageCache\com.unity.visualscripting@1.8.0\Editor\VisualScripting.Core\Dependencies\DotNetZip\Unity.VisualScripting.IonicZip.dll
- Loaded All Assemblies, in  0.464 seconds
Refreshing native plugins compatible for Editor in 1.83 ms, found 3 plugins.
Native extension for UWP target not found
Native extension for WindowsStandalone target not found
Mono: successfully reloaded assembly
- Finished resetting the current domain, in  0.875 seconds
Domain Reload Profiling: 1339ms
	BeginReloadAssembly (167ms)
		ExecutionOrderSort (0ms)
		DisableScriptedObjects (5ms)
		BackupInstance (0ms)
		ReleaseScriptingObjects (0ms)
		CreateAndSetChildDomain (33ms)
	RebuildCommonClasses (33ms)
	RebuildNativeTypeToScriptingClass (11ms)
	initialDomainReloadingComplete (26ms)
	LoadAllAssembliesAndSetupDomain (227ms)
		LoadAssemblies (313ms)
		RebuildTransferFunctionScriptingTraits (0ms)
		AnalyzeDomain (15ms)
			TypeCache.Refresh (9ms)
				TypeCache.ScanAssembly (0ms)
			ScanForSourceGeneratedMonoScriptInfo (0ms)
			ResolveRequiredComponents (5ms)
	FinalizeReload (876ms)
		ReleaseScriptCaches (0ms)
		RebuildScriptCaches (0ms)
		SetupLoadedEditorAssemblies (416ms)
			LogAssemblyErrors (0ms)
			InitializePlatformSupportModulesInManaged (5ms)
			SetLoadedEditorAssemblies (4ms)
			RefreshPlugins (0ms)
			BeforeProcessingInitializeOnLoad (107ms)
			ProcessInitializeOnLoadAttributes (273ms)
			ProcessInitializeOnLoadMethodAttributes (22ms)
			AfterProcessingInitializeOnLoad (3ms)
			EditorAssembliesLoaded (0ms)
		ExecutionOrderSort2 (0ms)
		AwakeInstancesAfterBackupRestoration (15ms)
Refreshing native plugins compatible for Editor in 1.73 ms, found 3 plugins.
Preloading 0 native plugins for Editor in 0.00 ms.
Unloading 3059 Unused Serialized files (Serialized files now loaded: 0)
Unloading 22 unused Assets / (30.5 KB). Loaded Objects now: 3574.
Memory consumption went from 117.6 MB to 117.5 MB.
Total: 3.959000 ms (FindLiveObjects: 0.283700 ms CreateObjectMapping: 0.331600 ms MarkObjects: 3.297300 ms  DeleteObjects: 0.045400 ms)

Prepare: number of updated asset objects reloaded= 1
AssetImportParameters requested are different than current active one (requested -> active):
  custom:container-demuxer-ogg: 62fdf1f143b41e24485cea50d1cbac27 -> 
  custom:video-decoder-ogg-theora: a1e56fd34408186e4bbccfd4996cb3dc -> 
  custom:framework-win-MediaFoundation: 216162199b28c13a410421893ffa2e32 -> 
  custom:CustomObjectIndexerAttribute: 756ad292c208cfabdd7b50bc23989ffe -> 
  custom:container-demuxer-webm: 4f35f7cbe854078d1ac9338744f61a02 -> 
  custom:container-muxer-webm: aa71ff27fc2769a1b78a27578f13a17b -> 
  custom:video-decoder-webm-vp8: 9c59270c3fd7afecdb556c50c9e8de78 -> 
  custom:SearchIndexIgnoredProperties: e643bd26f0fe6173181afceb89e7c659 -> 
  custom:AudioImporter_EditorPlatform: d09bf68614088b80899f8185d706f6e7 -> 
  custom:video-encoder-webm-vp8: eb34c28f22e8b96e1ab97ce403110664 -> 
  custom:audio-decoder-ogg-vorbis: bf7c407c2cedff20999df2af8eb42d56 -> 
  custom:audio-encoder-webm-vorbis: bf7c407c2cedff20999df2af8eb42d56 -> 
========================================================================
Received Import Request.
  Time since last request: 154.261086 seconds.
  path: Assets/Props/Materials/Gojo/CLOTHES(Backup).mat
  artifactKey: Guid(159c60d3865d282468e31dd19194e061) Importer(815301076,1909f56bfc062723c751e8b465ee728b)
Start importing Assets/Props/Materials/Gojo/CLOTHES(Backup).mat using Guid(159c60d3865d282468e31dd19194e061) Importer(815301076,1909f56bfc062723c751e8b465ee728b)  -> (artifact id: 'd5efce5ba482aab1c1eaab3c1e669990') in 0.130034 seconds
Number of updated asset objects reloaded before import = 1
Number of asset objects unloaded after import = 4
========================================================================
Received Import Request.
  Time since last request: 0.000019 seconds.
  path: Assets/Props/Materials/Gojo/EYEBROWS.mat
  artifactKey: Guid(c496691110e38244cbf22c88b05e2b6e) Importer(815301076,1909f56bfc062723c751e8b465ee728b)
Start importing Assets/Props/Materials/Gojo/EYEBROWS.mat using Guid(c496691110e38244cbf22c88b05e2b6e) Importer(815301076,1909f56bfc062723c751e8b465ee728b)  -> (artifact id: '55da01ddddffc5b8bd8ccf44ad5b927b') in 0.006002 seconds
Number of updated asset objects reloaded before import = 0
Number of asset objects unloaded after import = 3
========================================================================
Received Import Request.
  Time since last request: 0.000025 seconds.
  path: Assets/Props/Materials/Gojo/HAIR 2.mat
  artifactKey: Guid(158f8ad50c77d4945944582cea0da9fd) Importer(815301076,1909f56bfc062723c751e8b465ee728b)
Start importing Assets/Props/Materials/Gojo/HAIR 2.mat using Guid(158f8ad50c77d4945944582cea0da9fd) Importer(815301076,1909f56bfc062723c751e8b465ee728b)  -> (artifact id: 'e1cef98a1043dd0177ea7a074b267977') in 0.006873 seconds
Number of updated asset objects reloaded before import = 0
Number of asset objects unloaded after import = 3
========================================================================
Received Import Request.
  Time since last request: 0.000014 seconds.
  path: Assets/Props/Materials/Gojo/FACE.mat
  artifactKey: Guid(321f375a7168bde46a5c4b240899a1fc) Importer(815301076,1909f56bfc062723c751e8b465ee728b)
Start importing Assets/Props/Materials/Gojo/FACE.mat using Guid(321f375a7168bde46a5c4b240899a1fc) Importer(815301076,1909f56bfc062723c751e8b465ee728b)  -> (artifact id: 'be02615460c67d27cbbc0bdf4eb607ee') in 0.009043 seconds
Number of updated asset objects reloaded before import = 0
Number of asset objects unloaded after import = 4
========================================================================
Received Import Request.
  Time since last request: 0.000021 seconds.
  path: Assets/Props/Materials/Gojo/HANDS.mat
  artifactKey: Guid(1ee50ea6025ac9c42be622b9b585673a) Importer(815301076,1909f56bfc062723c751e8b465ee728b)
Start importing Assets/Props/Materials/Gojo/HANDS.mat using Guid(1ee50ea6025ac9c42be622b9b585673a) Importer(815301076,1909f56bfc062723c751e8b465ee728b)  -> (artifact id: '80e5a8dd88accafe4f9660a701216ad2') in 0.006211 seconds
Number of updated asset objects reloaded before import = 0
Number of asset objects unloaded after import = 3
========================================================================
Received Import Request.
  Time since last request: 4.068370 seconds.
  path: Assets/Props/Materials/Gojo/EYEBROWS.mat
  artifactKey: Guid(c496691110e38244cbf22c88b05e2b6e) Importer(815301076,1909f56bfc062723c751e8b465ee728b)
Start importing Assets/Props/Materials/Gojo/EYEBROWS.mat using Guid(c496691110e38244cbf22c88b05e2b6e) Importer(815301076,1909f56bfc062723c751e8b465ee728b)  -> (artifact id: '25a5dee66fdac17ec1cc04b00850298d') in 0.072445 seconds
Number of updated asset objects reloaded before import = 1
Number of asset objects unloaded after import = 3
========================================================================
Received Import Request.
  Time since last request: 0.000026 seconds.
  path: Assets/Props/Materials/Gojo/LASHES.mat
  artifactKey: Guid(7d8f191783f9fa84aaabd1e961fce309) Importer(815301076,1909f56bfc062723c751e8b465ee728b)
Start importing Assets/Props/Materials/Gojo/LASHES.mat using Guid(7d8f191783f9fa84aaabd1e961fce309) Importer(815301076,1909f56bfc062723c751e8b465ee728b)  -> (artifact id: '08c9a6a35a75d925804ec3003afb416e') in 0.007467 seconds
Number of updated asset objects reloaded before import = 0
Number of asset objects unloaded after import = 3
========================================================================
Received Import Request.
  Time since last request: 0.000032 seconds.
  path: Assets/Props/Materials/Gojo/IRIS.mat
  artifactKey: Guid(ea9f3d8a95b27a44d88510b3a331528a) Importer(815301076,1909f56bfc062723c751e8b465ee728b)
Start importing Assets/Props/Materials/Gojo/IRIS.mat using Guid(ea9f3d8a95b27a44d88510b3a331528a) Importer(815301076,1909f56bfc062723c751e8b465ee728b)  -> (artifact id: 'fdadbcf012fd6f96793a24f2bbea8f3f') in 0.006253 seconds
Number of updated asset objects reloaded before import = 0
Number of asset objects unloaded after import = 3
========================================================================
Received Import Request.
  Time since last request: 0.000032 seconds.
  path: Assets/Props/Materials/Gojo/HAIR 1 BLIND.mat
  artifactKey: Guid(d4abdeeb8d9c44c45bfc9c73edd07ce3) Importer(815301076,1909f56bfc062723c751e8b465ee728b)
Start importing Assets/Props/Materials/Gojo/HAIR 1 BLIND.mat using Guid(d4abdeeb8d9c44c45bfc9c73edd07ce3) Importer(815301076,1909f56bfc062723c751e8b465ee728b)  -> (artifact id: '188ca6813ce1f789b9cbe50461ddcebf') in 0.008328 seconds
Number of updated asset objects reloaded before import = 0
Number of asset objects unloaded after import = 3
========================================================================
Received Import Request.
  Time since last request: 0.000016 seconds.
  path: Assets/Props/Materials/Gojo/TRANSPARENT HEAD.mat
  artifactKey: Guid(6b486becdfd1d6f41a29f17aba15cbc5) Importer(815301076,1909f56bfc062723c751e8b465ee728b)
Start importing Assets/Props/Materials/Gojo/TRANSPARENT HEAD.mat using Guid(6b486becdfd1d6f41a29f17aba15cbc5) Importer(815301076,1909f56bfc062723c751e8b465ee728b)  -> (artifact id: 'eb7b7de73599772672856a06e2faccd5') in 0.005895 seconds
Number of updated asset objects reloaded before import = 0
Number of asset objects unloaded after import = 2
========================================================================
Received Import Request.
  Time since last request: 15.081580 seconds.
  path: Assets/Props/Materials/Gojo/EYEBROWS.mat
  artifactKey: Guid(c496691110e38244cbf22c88b05e2b6e) Importer(815301076,1909f56bfc062723c751e8b465ee728b)
Start importing Assets/Props/Materials/Gojo/EYEBROWS.mat using Guid(c496691110e38244cbf22c88b05e2b6e) Importer(815301076,1909f56bfc062723c751e8b465ee728b)  -> (artifact id: 'c5ffa074959c96aca75fb2db7271f17c') in 0.047217 seconds
Number of updated asset objects reloaded before import = 1
Number of asset objects unloaded after import = 3
========================================================================
Received Import Request.
  Time since last request: 0.000017 seconds.
  path: Assets/Props/Materials/Gojo/LASHES.mat
  artifactKey: Guid(7d8f191783f9fa84aaabd1e961fce309) Importer(815301076,1909f56bfc062723c751e8b465ee728b)
Start importing Assets/Props/Materials/Gojo/LASHES.mat using Guid(7d8f191783f9fa84aaabd1e961fce309) Importer(815301076,1909f56bfc062723c751e8b465ee728b)  -> (artifact id: '9c993d54f4b6d6b396faa43d58886a4a') in 0.006799 seconds
Number of updated asset objects reloaded before import = 0
Number of asset objects unloaded after import = 3
========================================================================
Received Import Request.
  Time since last request: 0.000029 seconds.
  path: Assets/Props/Materials/Gojo/IRIS.mat
  artifactKey: Guid(ea9f3d8a95b27a44d88510b3a331528a) Importer(815301076,1909f56bfc062723c751e8b465ee728b)
Start importing Assets/Props/Materials/Gojo/IRIS.mat using Guid(ea9f3d8a95b27a44d88510b3a331528a) Importer(815301076,1909f56bfc062723c751e8b465ee728b)  -> (artifact id: '66fabad62b835898e414624e104a1536') in 0.007675 seconds
Number of updated asset objects reloaded before import = 0
Number of asset objects unloaded after import = 3
========================================================================
Received Import Request.
  Time since last request: 0.000022 seconds.
  path: Assets/Props/Materials/Gojo/FACE.mat
  artifactKey: Guid(321f375a7168bde46a5c4b240899a1fc) Importer(815301076,1909f56bfc062723c751e8b465ee728b)
Start importing Assets/Props/Materials/Gojo/FACE.mat using Guid(321f375a7168bde46a5c4b240899a1fc) Importer(815301076,1909f56bfc062723c751e8b465ee728b)  -> (artifact id: '5466217de2b648e73243a9250cc5c102') in 0.007548 seconds
Number of updated asset objects reloaded before import = 0
Number of asset objects unloaded after import = 4
========================================================================
Received Import Request.
  Time since last request: 14.089779 seconds.
  path: Assets/Props/Materials/Gojo/EYEBROWS.mat
  artifactKey: Guid(c496691110e38244cbf22c88b05e2b6e) Importer(815301076,1909f56bfc062723c751e8b465ee728b)
Start importing Assets/Props/Materials/Gojo/EYEBROWS.mat using Guid(c496691110e38244cbf22c88b05e2b6e) Importer(815301076,1909f56bfc062723c751e8b465ee728b)  -> (artifact id: '9e4f6787fabfb622dafe49e00aab566d') in 0.052145 seconds
Number of updated asset objects reloaded before import = 1
Number of asset objects unloaded after import = 3
========================================================================
Received Import Request.
  Time since last request: 0.000018 seconds.
  path: Assets/Props/Materials/Gojo/EYES.mat
  artifactKey: Guid(dbff7e64b399aaa4392f7aa18e9da670) Importer(815301076,1909f56bfc062723c751e8b465ee728b)
Start importing Assets/Props/Materials/Gojo/EYES.mat using Guid(dbff7e64b399aaa4392f7aa18e9da670) Importer(815301076,1909f56bfc062723c751e8b465ee728b)  -> (artifact id: 'fe627c51c66627b742ac824b820e1449') in 0.017827 seconds
Number of updated asset objects reloaded before import = 0
Number of asset objects unloaded after import = 3
========================================================================
Received Import Request.
  Time since last request: 0.000013 seconds.
  path: Assets/Props/Materials/Gojo/FACE.mat
  artifactKey: Guid(321f375a7168bde46a5c4b240899a1fc) Importer(815301076,1909f56bfc062723c751e8b465ee728b)
Start importing Assets/Props/Materials/Gojo/FACE.mat using Guid(321f375a7168bde46a5c4b240899a1fc) Importer(815301076,1909f56bfc062723c751e8b465ee728b)  -> (artifact id: 'ef60b36e65cb12fe58d291c3d553b28c') in 0.007317 seconds
Number of updated asset objects reloaded before import = 0
Number of asset objects unloaded after import = 4
========================================================================
Received Import Request.
  Time since last request: 47.082361 seconds.
  path: Assets/Props/Materials/Gojo/EYEBROWS.mat
  artifactKey: Guid(c496691110e38244cbf22c88b05e2b6e) Importer(815301076,1909f56bfc062723c751e8b465ee728b)
Start importing Assets/Props/Materials/Gojo/EYEBROWS.mat using Guid(c496691110e38244cbf22c88b05e2b6e) Importer(815301076,1909f56bfc062723c751e8b465ee728b)  -> (artifact id: 'feb0c8a713aceb509496de1cf50d1d37') in 0.048498 seconds
Number of updated asset objects reloaded before import = 1
Number of asset objects unloaded after import = 3
========================================================================
Received Import Request.
  Time since last request: 0.000015 seconds.
  path: Assets/Props/Materials/Gojo/LASHES.mat
  artifactKey: Guid(7d8f191783f9fa84aaabd1e961fce309) Importer(815301076,1909f56bfc062723c751e8b465ee728b)
Start importing Assets/Props/Materials/Gojo/LASHES.mat using Guid(7d8f191783f9fa84aaabd1e961fce309) Importer(815301076,1909f56bfc062723c751e8b465ee728b)  -> (artifact id: 'f7a23a6d6747b30fdffad230f767c153') in 0.006407 seconds
Number of updated asset objects reloaded before import = 0
Number of asset objects unloaded after import = 3
========================================================================
Received Import Request.
  Time since last request: 0.000017 seconds.
  path: Assets/Props/Materials/Gojo/HAIR 2.mat
  artifactKey: Guid(158f8ad50c77d4945944582cea0da9fd) Importer(815301076,1909f56bfc062723c751e8b465ee728b)
Start importing Assets/Props/Materials/Gojo/HAIR 2.mat using Guid(158f8ad50c77d4945944582cea0da9fd) Importer(815301076,1909f56bfc062723c751e8b465ee728b)  -> (artifact id: 'db371a9c0b4635dc6ead58b3bc33b586') in 0.006453 seconds
Number of updated asset objects reloaded before import = 0
Number of asset objects unloaded after import = 3
========================================================================
Received Import Request.
  Time since last request: 0.000019 seconds.
  path: Assets/Props/Materials/Gojo/HANDS.mat
  artifactKey: Guid(1ee50ea6025ac9c42be622b9b585673a) Importer(815301076,1909f56bfc062723c751e8b465ee728b)
Start importing Assets/Props/Materials/Gojo/HANDS.mat using Guid(1ee50ea6025ac9c42be622b9b585673a) Importer(815301076,1909f56bfc062723c751e8b465ee728b)  -> (artifact id: '5091ea1b71f55d29a7438be95d965e0b') in 0.005880 seconds
Number of updated asset objects reloaded before import = 0
Number of asset objects unloaded after import = 3
========================================================================
Received Import Request.
  Time since last request: 27.942622 seconds.
  path: Assets/Props/Materials/Gojo/EYEBROWS.mat
  artifactKey: Guid(c496691110e38244cbf22c88b05e2b6e) Importer(815301076,1909f56bfc062723c751e8b465ee728b)
Start importing Assets/Props/Materials/Gojo/EYEBROWS.mat using Guid(c496691110e38244cbf22c88b05e2b6e) Importer(815301076,1909f56bfc062723c751e8b465ee728b)  -> (artifact id: 'fa246fb71ced58de079e55993746ae2c') in 0.049124 seconds
Number of updated asset objects reloaded before import = 1
Number of asset objects unloaded after import = 3
========================================================================
Received Import Request.
  Time since last request: 0.000023 seconds.
  path: Assets/Props/Materials/Gojo/LASHES.mat
  artifactKey: Guid(7d8f191783f9fa84aaabd1e961fce309) Importer(815301076,1909f56bfc062723c751e8b465ee728b)
Start importing Assets/Props/Materials/Gojo/LASHES.mat using Guid(7d8f191783f9fa84aaabd1e961fce309) Importer(815301076,1909f56bfc062723c751e8b465ee728b)  -> (artifact id: '57b9a5b529e5c684b12261a44e91d4a8') in 0.006304 seconds
Number of updated asset objects reloaded before import = 0
Number of asset objects unloaded after import = 3
========================================================================
Received Import Request.
  Time since last request: 0.000015 seconds.
  path: Assets/Props/Materials/Gojo/HAIR 2.mat
  artifactKey: Guid(158f8ad50c77d4945944582cea0da9fd) Importer(815301076,1909f56bfc062723c751e8b465ee728b)
Start importing Assets/Props/Materials/Gojo/HAIR 2.mat using Guid(158f8ad50c77d4945944582cea0da9fd) Importer(815301076,1909f56bfc062723c751e8b465ee728b)  -> (artifact id: '98a1816a66b794352d353634d004abcc') in 0.005981 seconds
Number of updated asset objects reloaded before import = 0
Number of asset objects unloaded after import = 3
========================================================================
Received Import Request.
  Time since last request: 0.000016 seconds.
  path: Assets/Props/Materials/Gojo/TRANSPARENT HEAD.mat
  artifactKey: Guid(6b486becdfd1d6f41a29f17aba15cbc5) Importer(815301076,1909f56bfc062723c751e8b465ee728b)
Start importing Assets/Props/Materials/Gojo/TRANSPARENT HEAD.mat using Guid(6b486becdfd1d6f41a29f17aba15cbc5) Importer(815301076,1909f56bfc062723c751e8b465ee728b)  -> (artifact id: '499ba24966dd0fdc1e4ca87b6631eccd') in 0.006632 seconds
Number of updated asset objects reloaded before import = 0
Number of asset objects unloaded after import = 2
========================================================================
Received Import Request.
  Time since last request: 16.949704 seconds.
  path: Assets/Props/Materials/Gojo/EYEBROWS.mat
  artifactKey: Guid(c496691110e38244cbf22c88b05e2b6e) Importer(815301076,1909f56bfc062723c751e8b465ee728b)
Start importing Assets/Props/Materials/Gojo/EYEBROWS.mat using Guid(c496691110e38244cbf22c88b05e2b6e) Importer(815301076,1909f56bfc062723c751e8b465ee728b)  -> (artifact id: '43a408f0d91986a5c9d0dcea3c0f2375') in 0.062837 seconds
Number of updated asset objects reloaded before import = 1
Number of asset objects unloaded after import = 3
========================================================================
Received Import Request.
  Time since last request: 0.000016 seconds.
  path: Assets/Props/Materials/Gojo/EYES.mat
  artifactKey: Guid(dbff7e64b399aaa4392f7aa18e9da670) Importer(815301076,1909f56bfc062723c751e8b465ee728b)
Start importing Assets/Props/Materials/Gojo/EYES.mat using Guid(dbff7e64b399aaa4392f7aa18e9da670) Importer(815301076,1909f56bfc062723c751e8b465ee728b)  -> (artifact id: 'fea460ecf033e250858f554655771a48') in 0.006650 seconds
Number of updated asset objects reloaded before import = 0
Number of asset objects unloaded after import = 3
========================================================================
Received Import Request.
  Time since last request: 0.000012 seconds.
  path: Assets/Props/Materials/Gojo/FACE.mat
  artifactKey: Guid(321f375a7168bde46a5c4b240899a1fc) Importer(815301076,1909f56bfc062723c751e8b465ee728b)
Start importing Assets/Props/Materials/Gojo/FACE.mat using Guid(321f375a7168bde46a5c4b240899a1fc) Importer(815301076,1909f56bfc062723c751e8b465ee728b)  -> (artifact id: '4925b5fff8396efdb112b693a2a8c497') in 0.007136 seconds
Number of updated asset objects reloaded before import = 0
Number of asset objects unloaded after import = 4
========================================================================
Received Import Request.
  Time since last request: 5.335943 seconds.
  path: Assets/Props/Materials/Gojo/EYEBROWS.mat
  artifactKey: Guid(c496691110e38244cbf22c88b05e2b6e) Importer(815301076,1909f56bfc062723c751e8b465ee728b)
Start importing Assets/Props/Materials/Gojo/EYEBROWS.mat using Guid(c496691110e38244cbf22c88b05e2b6e) Importer(815301076,1909f56bfc062723c751e8b465ee728b)  -> (artifact id: '04cb306aa093baba3f388651f7415c05') in 0.100891 seconds
Number of updated asset objects reloaded before import = 1
Number of asset objects unloaded after import = 3
========================================================================
Received Import Request.
  Time since last request: 0.000017 seconds.
  path: Assets/Props/Materials/Gojo/EYES.mat
  artifactKey: Guid(dbff7e64b399aaa4392f7aa18e9da670) Importer(815301076,1909f56bfc062723c751e8b465ee728b)
Start importing Assets/Props/Materials/Gojo/EYES.mat using Guid(dbff7e64b399aaa4392f7aa18e9da670) Importer(815301076,1909f56bfc062723c751e8b465ee728b)  -> (artifact id: 'b09e8db6779326a7e8e2ef942a6f4384') in 0.006001 seconds
Number of updated asset objects reloaded before import = 0
Number of asset objects unloaded after import = 3
========================================================================
Received Import Request.
  Time since last request: 0.000032 seconds.
  path: Assets/Props/Materials/Gojo/HAIR 2.mat
  artifactKey: Guid(158f8ad50c77d4945944582cea0da9fd) Importer(815301076,1909f56bfc062723c751e8b465ee728b)
Start importing Assets/Props/Materials/Gojo/HAIR 2.mat using Guid(158f8ad50c77d4945944582cea0da9fd) Importer(815301076,1909f56bfc062723c751e8b465ee728b)  -> (artifact id: '11bf9defebb3dd3dde8d5e4316f05794') in 0.006417 seconds
Number of updated asset objects reloaded before import = 0
Number of asset objects unloaded after import = 3
========================================================================
Received Import Request.
  Time since last request: 0.000017 seconds.
  path: Assets/Props/Materials/Gojo/TRANSPARENT HEAD.mat
  artifactKey: Guid(6b486becdfd1d6f41a29f17aba15cbc5) Importer(815301076,1909f56bfc062723c751e8b465ee728b)
Start importing Assets/Props/Materials/Gojo/TRANSPARENT HEAD.mat using Guid(6b486becdfd1d6f41a29f17aba15cbc5) Importer(815301076,1909f56bfc062723c751e8b465ee728b)  -> (artifact id: '2d3e2c6ca9305257038a93903dbc15b6') in 0.005852 seconds
Number of updated asset objects reloaded before import = 0
Number of asset objects unloaded after import = 2
========================================================================
Received Prepare
Begin MonoManager ReloadAssembly
Symbol file LoadedFromMemory doesn't match image D:\projects\Git\Manga-Material\Manga Material\Library\PackageCache\com.unity.visualscripting@1.8.0\Editor\VisualScripting.Core\Dependencies\YamlDotNet\Unity.VisualScripting.YamlDotNet.dll
Symbol file LoadedFromMemory doesn't match image D:\projects\Git\Manga-Material\Manga Material\Library\PackageCache\com.unity.visualscripting@1.8.0\Editor\VisualScripting.Core\Dependencies\DotNetZip\Unity.VisualScripting.IonicZip.dll
- Loaded All Assemblies, in  0.450 seconds
Refreshing native plugins compatible for Editor in 1.91 ms, found 3 plugins.
Native extension for UWP target not found
Native extension for WindowsStandalone target not found
Mono: successfully reloaded assembly
- Finished resetting the current domain, in  0.835 seconds
Domain Reload Profiling: 1285ms
	BeginReloadAssembly (155ms)
		ExecutionOrderSort (0ms)
		DisableScriptedObjects (5ms)
		BackupInstance (0ms)
		ReleaseScriptingObjects (0ms)
		CreateAndSetChildDomain (39ms)
	RebuildCommonClasses (35ms)
	RebuildNativeTypeToScriptingClass (11ms)
	initialDomainReloadingComplete (30ms)
	LoadAllAssembliesAndSetupDomain (218ms)
		LoadAssemblies (286ms)
		RebuildTransferFunctionScriptingTraits (0ms)
		AnalyzeDomain (13ms)
			TypeCache.Refresh (7ms)
				TypeCache.ScanAssembly (0ms)
			ScanForSourceGeneratedMonoScriptInfo (0ms)
			ResolveRequiredComponents (5ms)
	FinalizeReload (836ms)
		ReleaseScriptCaches (0ms)
		RebuildScriptCaches (0ms)
		SetupLoadedEditorAssemblies (430ms)
			LogAssemblyErrors (0ms)
			InitializePlatformSupportModulesInManaged (5ms)
			SetLoadedEditorAssemblies (5ms)
			RefreshPlugins (0ms)
			BeforeProcessingInitializeOnLoad (103ms)
			ProcessInitializeOnLoadAttributes (289ms)
			ProcessInitializeOnLoadMethodAttributes (24ms)
			AfterProcessingInitializeOnLoad (3ms)
			EditorAssembliesLoaded (0ms)
		ExecutionOrderSort2 (0ms)
		AwakeInstancesAfterBackupRestoration (13ms)
Refreshing native plugins compatible for Editor in 1.83 ms, found 3 plugins.
Preloading 0 native plugins for Editor in 0.00 ms.
Unloading 3059 Unused Serialized files (Serialized files now loaded: 0)
Unloading 22 unused Assets / (30.4 KB). Loaded Objects now: 3577.
Memory consumption went from 117.6 MB to 117.6 MB.
Total: 3.515400 ms (FindLiveObjects: 0.254700 ms CreateObjectMapping: 0.251600 ms MarkObjects: 2.954900 ms  DeleteObjects: 0.053300 ms)

Prepare: number of updated asset objects reloaded= 0
AssetImportParameters requested are different than current active one (requested -> active):
  custom:container-demuxer-ogg: 62fdf1f143b41e24485cea50d1cbac27 -> 
  custom:video-decoder-ogg-theora: a1e56fd34408186e4bbccfd4996cb3dc -> 
  custom:framework-win-MediaFoundation: 216162199b28c13a410421893ffa2e32 -> 
  custom:CustomObjectIndexerAttribute: 756ad292c208cfabdd7b50bc23989ffe -> 
  custom:container-demuxer-webm: 4f35f7cbe854078d1ac9338744f61a02 -> 
  custom:container-muxer-webm: aa71ff27fc2769a1b78a27578f13a17b -> 
  custom:video-decoder-webm-vp8: 9c59270c3fd7afecdb556c50c9e8de78 -> 
  custom:SearchIndexIgnoredProperties: e643bd26f0fe6173181afceb89e7c659 -> 
  custom:AudioImporter_EditorPlatform: d09bf68614088b80899f8185d706f6e7 -> 
  custom:video-encoder-webm-vp8: eb34c28f22e8b96e1ab97ce403110664 -> 
  custom:audio-decoder-ogg-vorbis: bf7c407c2cedff20999df2af8eb42d56 -> 
  custom:audio-encoder-webm-vorbis: bf7c407c2cedff20999df2af8eb42d56 -> 
========================================================================
Received Import Request.
  Time since last request: 289.730299 seconds.
  path: Assets/Props/Materials/Gojo/CLOTHES(Backup).mat
  artifactKey: Guid(159c60d3865d282468e31dd19194e061) Importer(815301076,1909f56bfc062723c751e8b465ee728b)
Start importing Assets/Props/Materials/Gojo/CLOTHES(Backup).mat using Guid(159c60d3865d282468e31dd19194e061) Importer(815301076,1909f56bfc062723c751e8b465ee728b)  -> (artifact id: '48cced7b2b0854d0223ef6a257fe3354') in 0.130414 seconds
Number of updated asset objects reloaded before import = 1
Number of asset objects unloaded after import = 4
========================================================================
Received Import Request.
  Time since last request: 0.000022 seconds.
  path: Assets/Props/Materials/Gojo/EYES.mat
  artifactKey: Guid(dbff7e64b399aaa4392f7aa18e9da670) Importer(815301076,1909f56bfc062723c751e8b465ee728b)
Start importing Assets/Props/Materials/Gojo/EYES.mat using Guid(dbff7e64b399aaa4392f7aa18e9da670) Importer(815301076,1909f56bfc062723c751e8b465ee728b)  -> (artifact id: '5c58bd8063d0ac6f56118f83b1e2d433') in 0.007707 seconds
Number of updated asset objects reloaded before import = 0
Number of asset objects unloaded after import = 3
========================================================================
Received Import Request.
  Time since last request: 0.000020 seconds.
  path: Assets/Props/Materials/Gojo/IRIS.mat
  artifactKey: Guid(ea9f3d8a95b27a44d88510b3a331528a) Importer(815301076,1909f56bfc062723c751e8b465ee728b)
Start importing Assets/Props/Materials/Gojo/IRIS.mat using Guid(ea9f3d8a95b27a44d88510b3a331528a) Importer(815301076,1909f56bfc062723c751e8b465ee728b)  -> (artifact id: 'e889d22c9a4baafaec6c8458f20f325f') in 0.007672 seconds
Number of updated asset objects reloaded before import = 0
Number of asset objects unloaded after import = 3
========================================================================
Received Import Request.
  Time since last request: 0.000028 seconds.
  path: Assets/Props/Materials/Gojo/HAIR 1 BLIND.mat
  artifactKey: Guid(d4abdeeb8d9c44c45bfc9c73edd07ce3) Importer(815301076,1909f56bfc062723c751e8b465ee728b)
Start importing Assets/Props/Materials/Gojo/HAIR 1 BLIND.mat using Guid(d4abdeeb8d9c44c45bfc9c73edd07ce3) Importer(815301076,1909f56bfc062723c751e8b465ee728b)  -> (artifact id: '72a5f86015df40964774d91091081ad9') in 0.006209 seconds
Number of updated asset objects reloaded before import = 0
Number of asset objects unloaded after import = 3
========================================================================
Received Import Request.
  Time since last request: 0.000019 seconds.
  path: Assets/Props/Materials/Gojo/TRANSPARENT HEAD.mat
  artifactKey: Guid(6b486becdfd1d6f41a29f17aba15cbc5) Importer(815301076,1909f56bfc062723c751e8b465ee728b)
Start importing Assets/Props/Materials/Gojo/TRANSPARENT HEAD.mat using Guid(6b486becdfd1d6f41a29f17aba15cbc5) Importer(815301076,1909f56bfc062723c751e8b465ee728b)  -> (artifact id: '00e54e5344a2a50a11a63348989396f1') in 0.005973 seconds
Number of updated asset objects reloaded before import = 0
Number of asset objects unloaded after import = 2
Editor requested this worker to shutdown with reason: Scaling down because of idle timeout
TcpMessagingSession - receive error: operation aborted. errorcode: 995, details: The I/O operation has been aborted because of either a thread exit or an application request.
AssetImportWorker is now disconnected from the server
Process exiting
Exiting without the bug reporter. Application will terminate with return code 0