Using pre-set license
Built from '2022.3/staging' branch; Version is '2022.3.7f1 (b16b3b16c7a0) revision 11627323'; Using compiler version '192829333'; Build Type 'Release'
OS: 'Windows 10  (10.0.19045) 64bit Professional' Language: 'en' Physical Memory: 16294 MB
BatchMode: 1, IsHumanControllingUs: 0, StartBugReporterOnCrash: 0, Is64bit: 1, IsPro: 1

COMMAND LINE ARGUMENTS:
D:\programs\Unity Editors\2022.3.7f1\Editor\Unity.exe
-adb2
-batchMode
-noUpm
-name
AssetImportWorker2
-projectPath
D:/projects/Git/Manga-Material/Manga Material
-logFile
Logs/AssetImportWorker2.log
-srvPort
54491
Successfully changed project path to: D:/projects/Git/Manga-Material/Manga Material
D:/projects/Git/Manga-Material/Manga Material
[UnityMemory] Configuration Parameters - Can be set up in boot.config
    "memorysetup-bucket-allocator-granularity=16"
    "memorysetup-bucket-allocator-bucket-count=8"
    "memorysetup-bucket-allocator-block-size=33554432"
    "memorysetup-bucket-allocator-block-count=8"
    "memorysetup-main-allocator-block-size=16777216"
    "memorysetup-thread-allocator-block-size=16777216"
    "memorysetup-gfx-main-allocator-block-size=16777216"
    "memorysetup-gfx-thread-allocator-block-size=16777216"
    "memorysetup-cache-allocator-block-size=4194304"
    "memorysetup-typetree-allocator-block-size=2097152"
    "memorysetup-profiler-bucket-allocator-granularity=16"
    "memorysetup-profiler-bucket-allocator-bucket-count=8"
    "memorysetup-profiler-bucket-allocator-block-size=33554432"
    "memorysetup-profiler-bucket-allocator-block-count=8"
    "memorysetup-profiler-allocator-block-size=16777216"
    "memorysetup-profiler-editor-allocator-block-size=1048576"
    "memorysetup-temp-allocator-size-main=16777216"
    "memorysetup-job-temp-allocator-block-size=2097152"
    "memorysetup-job-temp-allocator-block-size-background=1048576"
    "memorysetup-job-temp-allocator-reduction-small-platforms=262144"
    "memorysetup-allocator-temp-initial-block-size-main=262144"
    "memorysetup-allocator-temp-initial-block-size-worker=262144"
    "memorysetup-temp-allocator-size-background-worker=32768"
    "memorysetup-temp-allocator-size-job-worker=262144"
    "memorysetup-temp-allocator-size-preload-manager=33554432"
    "memorysetup-temp-allocator-size-nav-mesh-worker=65536"
    "memorysetup-temp-allocator-size-audio-worker=65536"
    "memorysetup-temp-allocator-size-cloud-worker=32768"
    "memorysetup-temp-allocator-size-gi-baking-worker=262144"
    "memorysetup-temp-allocator-size-gfx=262144"
Player connection [21532] Host "[IP] 192.168.2.221 [Port] 0 [Flags] 2 [Guid] 3460670884 [EditorId] 3460670884 [Version] 1048832 [Id] WindowsEditor(7,DESKTOP-J5TC0EM) [Debug] 1 [PackageName] WindowsEditor [ProjectName] Editor" joined multi-casting on [225.0.0.222:54997]...

Player connection [21532] Host "[IP] 192.168.2.221 [Port] 0 [Flags] 2 [Guid] 3460670884 [EditorId] 3460670884 [Version] 1048832 [Id] WindowsEditor(7,DESKTOP-J5TC0EM) [Debug] 1 [PackageName] WindowsEditor [ProjectName] Editor" joined alternative multi-casting on [225.0.0.222:34997]...

Refreshing native plugins compatible for Editor in 5.51 ms, found 3 plugins.
Preloading 0 native plugins for Editor in 0.00 ms.
Initialize engine version: 2022.3.7f1 (b16b3b16c7a0)
[Subsystems] Discovering subsystems at path D:/programs/Unity Editors/2022.3.7f1/Editor/Data/Resources/UnitySubsystems
[Subsystems] Discovering subsystems at path D:/projects/Git/Manga-Material/Manga Material/Assets
GfxDevice: creating device client; threaded=0; jobified=0
Direct3D:
    Version:  Direct3D 11.0 [level 11.1]
    Renderer: NVIDIA GeForce GTX 1650 (ID=0x1f82)
    Vendor:   NVIDIA
    VRAM:     3935 MB
    Driver:   32.0.15.6094
Initialize mono
Mono path[0] = 'D:/programs/Unity Editors/2022.3.7f1/Editor/Data/Managed'
Mono path[1] = 'D:/programs/Unity Editors/2022.3.7f1/Editor/Data/MonoBleedingEdge/lib/mono/unityjit-win32'
Mono config path = 'D:/programs/Unity Editors/2022.3.7f1/Editor/Data/MonoBleedingEdge/etc'
Using monoOptions --debugger-agent=transport=dt_socket,embedding=1,server=y,suspend=n,address=127.0.0.1:56244
Begin MonoManager ReloadAssembly
Registering precompiled unity dll's ...
Register platform support module: D:/programs/Unity Editors/2022.3.7f1/Editor/Data/PlaybackEngines/WindowsStandaloneSupport/UnityEditor.WindowsStandalone.Extensions.dll
Register platform support module: D:/programs/Unity Editors/2022.3.7f1/Editor/Data/PlaybackEngines/MetroSupport/UnityEditor.UWP.Extensions.dll
Registered in 0.004800 seconds.
- Loaded All Assemblies, in  0.322 seconds
Native extension for UWP target not found
Native extension for WindowsStandalone target not found
Mono: successfully reloaded assembly
- Finished resetting the current domain, in  0.250 seconds
Domain Reload Profiling: 572ms
	BeginReloadAssembly (99ms)
		ExecutionOrderSort (0ms)
		DisableScriptedObjects (0ms)
		BackupInstance (0ms)
		ReleaseScriptingObjects (0ms)
		CreateAndSetChildDomain (1ms)
	RebuildCommonClasses (32ms)
	RebuildNativeTypeToScriptingClass (11ms)
	initialDomainReloadingComplete (47ms)
	LoadAllAssembliesAndSetupDomain (132ms)
		LoadAssemblies (99ms)
		RebuildTransferFunctionScriptingTraits (0ms)
		AnalyzeDomain (130ms)
			TypeCache.Refresh (129ms)
				TypeCache.ScanAssembly (116ms)
			ScanForSourceGeneratedMonoScriptInfo (0ms)
			ResolveRequiredComponents (0ms)
	FinalizeReload (250ms)
		ReleaseScriptCaches (0ms)
		RebuildScriptCaches (0ms)
		SetupLoadedEditorAssemblies (189ms)
			LogAssemblyErrors (0ms)
			InitializePlatformSupportModulesInManaged (8ms)
			SetLoadedEditorAssemblies (6ms)
			RefreshPlugins (0ms)
			BeforeProcessingInitializeOnLoad (2ms)
			ProcessInitializeOnLoadAttributes (122ms)
			ProcessInitializeOnLoadMethodAttributes (51ms)
			AfterProcessingInitializeOnLoad (0ms)
			EditorAssembliesLoaded (0ms)
		ExecutionOrderSort2 (0ms)
		AwakeInstancesAfterBackupRestoration (0ms)
========================================================================
Worker process is ready to serve import requests
Begin MonoManager ReloadAssembly
Symbol file LoadedFromMemory doesn't match image D:\projects\Git\Manga-Material\Manga Material\Library\PackageCache\com.unity.visualscripting@1.8.0\Editor\VisualScripting.Core\Dependencies\YamlDotNet\Unity.VisualScripting.YamlDotNet.dll
Symbol file LoadedFromMemory doesn't match image D:\projects\Git\Manga-Material\Manga Material\Library\PackageCache\com.unity.visualscripting@1.8.0\Editor\VisualScripting.Core\Dependencies\DotNetZip\Unity.VisualScripting.IonicZip.dll
- Loaded All Assemblies, in  0.557 seconds
Refreshing native plugins compatible for Editor in 1.74 ms, found 3 plugins.
Native extension for UWP target not found
Native extension for WindowsStandalone target not found
Mono: successfully reloaded assembly
- Finished resetting the current domain, in  0.536 seconds
Domain Reload Profiling: 1094ms
	BeginReloadAssembly (135ms)
		ExecutionOrderSort (0ms)
		DisableScriptedObjects (5ms)
		BackupInstance (0ms)
		ReleaseScriptingObjects (0ms)
		CreateAndSetChildDomain (19ms)
	RebuildCommonClasses (31ms)
	RebuildNativeTypeToScriptingClass (11ms)
	initialDomainReloadingComplete (34ms)
	LoadAllAssembliesAndSetupDomain (346ms)
		LoadAssemblies (263ms)
		RebuildTransferFunctionScriptingTraits (0ms)
		AnalyzeDomain (162ms)
			TypeCache.Refresh (143ms)
				TypeCache.ScanAssembly (130ms)
			ScanForSourceGeneratedMonoScriptInfo (13ms)
			ResolveRequiredComponents (4ms)
	FinalizeReload (537ms)
		ReleaseScriptCaches (0ms)
		RebuildScriptCaches (0ms)
		SetupLoadedEditorAssemblies (389ms)
			LogAssemblyErrors (0ms)
			InitializePlatformSupportModulesInManaged (5ms)
			SetLoadedEditorAssemblies (5ms)
			RefreshPlugins (0ms)
			BeforeProcessingInitializeOnLoad (82ms)
			ProcessInitializeOnLoadAttributes (275ms)
			ProcessInitializeOnLoadMethodAttributes (19ms)
			AfterProcessingInitializeOnLoad (3ms)
			EditorAssembliesLoaded (0ms)
		ExecutionOrderSort2 (0ms)
		AwakeInstancesAfterBackupRestoration (10ms)
Launched and connected shader compiler UnityShaderCompiler.exe after 0.09 seconds
Refreshing native plugins compatible for Editor in 1.82 ms, found 3 plugins.
Preloading 0 native plugins for Editor in 0.00 ms.
Unloading 3067 Unused Serialized files (Serialized files now loaded: 0)
Unloading 31 unused Assets / (56.4 KB). Loaded Objects now: 3529.
Memory consumption went from 114.3 MB to 114.2 MB.
Total: 2.590800 ms (FindLiveObjects: 0.227300 ms CreateObjectMapping: 0.222000 ms MarkObjects: 2.060300 ms  DeleteObjects: 0.079900 ms)

AssetImportParameters requested are different than current active one (requested -> active):
  custom:container-demuxer-ogg: 62fdf1f143b41e24485cea50d1cbac27 -> 
  custom:video-decoder-ogg-theora: a1e56fd34408186e4bbccfd4996cb3dc -> 
  custom:framework-win-MediaFoundation: 216162199b28c13a410421893ffa2e32 -> 
  custom:CustomObjectIndexerAttribute: 756ad292c208cfabdd7b50bc23989ffe -> 
  custom:container-demuxer-webm: 4f35f7cbe854078d1ac9338744f61a02 -> 
  custom:container-muxer-webm: aa71ff27fc2769a1b78a27578f13a17b -> 
  custom:video-decoder-webm-vp8: 9c59270c3fd7afecdb556c50c9e8de78 -> 
  custom:SearchIndexIgnoredProperties: e643bd26f0fe6173181afceb89e7c659 -> 
  custom:AudioImporter_EditorPlatform: d09bf68614088b80899f8185d706f6e7 -> 
  custom:video-encoder-webm-vp8: eb34c28f22e8b96e1ab97ce403110664 -> 
  custom:audio-decoder-ogg-vorbis: bf7c407c2cedff20999df2af8eb42d56 -> 
  custom:audio-encoder-webm-vorbis: bf7c407c2cedff20999df2af8eb42d56 -> 
========================================================================
Received Import Request.
  Time since last request: 29774.994408 seconds.
  path: Assets/Props/Prefabs/SK_CP_050_00.fbx
  artifactKey: Guid(0b3b6512073a74f4fba148e60fd7bd68) Importer(815301076,1909f56bfc062723c751e8b465ee728b)
Start importing Assets/Props/Prefabs/SK_CP_050_00.fbx using Guid(0b3b6512073a74f4fba148e60fd7bd68) Importer(815301076,1909f56bfc062723c751e8b465ee728b)  -> (artifact id: '322f57d0a91c63d80df4ea4315d27434') in 0.178056 seconds
Number of updated asset objects reloaded before import = 0
Number of asset objects unloaded after import = 474
========================================================================
Received Import Request.
  Time since last request: 5.800867 seconds.
  path: Assets/Props/Prefabs/skull.obj
  artifactKey: Guid(ba35933ea22f744409d27a45226e8433) Importer(815301076,1909f56bfc062723c751e8b465ee728b)
Start importing Assets/Props/Prefabs/skull.obj using Guid(ba35933ea22f744409d27a45226e8433) Importer(815301076,1909f56bfc062723c751e8b465ee728b)  -> (artifact id: 'c7689727fc7eb94321dc7eb15693f076') in 0.079883 seconds
Number of updated asset objects reloaded before import = 0
Number of asset objects unloaded after import = 27
========================================================================
Received Import Request.
  Time since last request: 8.058568 seconds.
  path: Assets/Props/Prefabs/skull.obj
  artifactKey: Guid(ba35933ea22f744409d27a45226e8433) Importer(815301076,1909f56bfc062723c751e8b465ee728b)
Start importing Assets/Props/Prefabs/skull.obj using Guid(ba35933ea22f744409d27a45226e8433) Importer(815301076,1909f56bfc062723c751e8b465ee728b)  -> (artifact id: '8cc03f668945cdcbb9f0b74f5aa4862c') in 0.106954 seconds
Number of updated asset objects reloaded before import = 0
Number of asset objects unloaded after import = 26
========================================================================
Received Import Request.
  Time since last request: 3.728494 seconds.
  path: Assets/Props/Prefabs/skull.obj
  artifactKey: Guid(ba35933ea22f744409d27a45226e8433) Importer(815301076,1909f56bfc062723c751e8b465ee728b)
Start importing Assets/Props/Prefabs/skull.obj using Guid(ba35933ea22f744409d27a45226e8433) Importer(815301076,1909f56bfc062723c751e8b465ee728b)  -> (artifact id: '1737e617117a99cb4e89ad660037b367') in 0.094463 seconds
Number of updated asset objects reloaded before import = 0
Number of asset objects unloaded after import = 25
========================================================================
Received Import Request.
  Time since last request: 130.973357 seconds.
  path: Assets/Props/Prefabs/SK_CP_050_00.fbx
  artifactKey: Guid(0b3b6512073a74f4fba148e60fd7bd68) Importer(815301076,1909f56bfc062723c751e8b465ee728b)
Start importing Assets/Props/Prefabs/SK_CP_050_00.fbx using Guid(0b3b6512073a74f4fba148e60fd7bd68) Importer(815301076,1909f56bfc062723c751e8b465ee728b)  -> (artifact id: '972be8215d4622f5115fca81efd916b8') in 0.091587 seconds
Number of updated asset objects reloaded before import = 1
Number of asset objects unloaded after import = 474
========================================================================
Received Import Request.
  Time since last request: 10.965565 seconds.
  path: Assets/Props/Prefabs/skull.obj
  artifactKey: Guid(ba35933ea22f744409d27a45226e8433) Importer(815301076,1909f56bfc062723c751e8b465ee728b)
Start importing Assets/Props/Prefabs/skull.obj using Guid(ba35933ea22f744409d27a45226e8433) Importer(815301076,1909f56bfc062723c751e8b465ee728b)  -> (artifact id: '35b562aa71cf008ff095508fb8a8a185') in 0.080897 seconds
Number of updated asset objects reloaded before import = 0
Number of asset objects unloaded after import = 25
========================================================================
Received Import Request.
  Time since last request: 11.195866 seconds.
  path: Assets/Props/Prefabs/skull.obj
  artifactKey: Guid(ba35933ea22f744409d27a45226e8433) Importer(815301076,1909f56bfc062723c751e8b465ee728b)
Start importing Assets/Props/Prefabs/skull.obj using Guid(ba35933ea22f744409d27a45226e8433) Importer(815301076,1909f56bfc062723c751e8b465ee728b)  -> (artifact id: '429595476a1ccb1a53a9a91fbbb9ce4f') in 0.088346 seconds
Number of updated asset objects reloaded before import = 0
Number of asset objects unloaded after import = 25
========================================================================
Received Import Request.
  Time since last request: 5.182319 seconds.
  path: Assets/Props/Prefabs/skull.obj
  artifactKey: Guid(ba35933ea22f744409d27a45226e8433) Importer(815301076,1909f56bfc062723c751e8b465ee728b)
Start importing Assets/Props/Prefabs/skull.obj using Guid(ba35933ea22f744409d27a45226e8433) Importer(815301076,1909f56bfc062723c751e8b465ee728b)  -> (artifact id: '498a0217ecc8d75d22b845876463ac26') in 0.166861 seconds
Number of updated asset objects reloaded before import = 0
Number of asset objects unloaded after import = 25
========================================================================
Received Import Request.
  Time since last request: 4.169368 seconds.
  path: Assets/Props/Prefabs/skull.obj
  artifactKey: Guid(ba35933ea22f744409d27a45226e8433) Importer(815301076,1909f56bfc062723c751e8b465ee728b)
Start importing Assets/Props/Prefabs/skull.obj using Guid(ba35933ea22f744409d27a45226e8433) Importer(815301076,1909f56bfc062723c751e8b465ee728b)  -> (artifact id: '980f4eaf786a7ef5f77097deda6c1d8e') in 0.088149 seconds
Number of updated asset objects reloaded before import = 0
Number of asset objects unloaded after import = 25
========================================================================
Received Import Request.
  Time since last request: 101.452696 seconds.
  path: Assets/Props/Materials/skull.3ds
  artifactKey: Guid(f3b0fba031c103247ae9f82c6f1b3710) Importer(815301076,1909f56bfc062723c751e8b465ee728b)
Start importing Assets/Props/Materials/skull.3ds using Guid(f3b0fba031c103247ae9f82c6f1b3710) Importer(815301076,1909f56bfc062723c751e8b465ee728b)  -> (artifact id: 'fd306ad632c6ca89556eee4bf38862f3') in 0.066809 seconds
Number of updated asset objects reloaded before import = 1
Number of asset objects unloaded after import = 28
========================================================================
Received Import Request.
  Time since last request: 11.405905 seconds.
  path: Assets/Props/Materials/skull.3ds
  artifactKey: Guid(f3b0fba031c103247ae9f82c6f1b3710) Importer(815301076,1909f56bfc062723c751e8b465ee728b)
Start importing Assets/Props/Materials/skull.3ds using Guid(f3b0fba031c103247ae9f82c6f1b3710) Importer(815301076,1909f56bfc062723c751e8b465ee728b)  -> (artifact id: '651ea5c9006d9f536a903a133803d959') in 0.106836 seconds
Number of updated asset objects reloaded before import = 0
Number of asset objects unloaded after import = 28
========================================================================
Received Import Request.
  Time since last request: 3.964753 seconds.
  path: Assets/Props/Materials/skull.3ds
  artifactKey: Guid(f3b0fba031c103247ae9f82c6f1b3710) Importer(815301076,1909f56bfc062723c751e8b465ee728b)
Start importing Assets/Props/Materials/skull.3ds using Guid(f3b0fba031c103247ae9f82c6f1b3710) Importer(815301076,1909f56bfc062723c751e8b465ee728b)  -> (artifact id: 'dbf4390ce23bda0b8a8fe62d75b755b7') in 0.131849 seconds
Number of updated asset objects reloaded before import = 0
Number of asset objects unloaded after import = 28
========================================================================
Received Import Request.
  Time since last request: 2.682383 seconds.
  path: Assets/Props/Materials/Gojo/BAND.mat
  artifactKey: Guid(3b90137489fcff5419ba45dfbe9e4c5d) Importer(815301076,1909f56bfc062723c751e8b465ee728b)
Start importing Assets/Props/Materials/Gojo/BAND.mat using Guid(3b90137489fcff5419ba45dfbe9e4c5d) Importer(815301076,1909f56bfc062723c751e8b465ee728b)  -> (artifact id: '4b63bd75218683bed7cdf9616be9ce98') in 0.083994 seconds
Number of updated asset objects reloaded before import = 0
Number of asset objects unloaded after import = 4
========================================================================
Received Import Request.
  Time since last request: 0.000014 seconds.
  path: Assets/Props/Materials/Gojo/IRIS.mat
  artifactKey: Guid(ea9f3d8a95b27a44d88510b3a331528a) Importer(815301076,1909f56bfc062723c751e8b465ee728b)
Start importing Assets/Props/Materials/Gojo/IRIS.mat using Guid(ea9f3d8a95b27a44d88510b3a331528a) Importer(815301076,1909f56bfc062723c751e8b465ee728b)  -> (artifact id: 'b5efb3c405a8ef39d0d2f4d337a4729c') in 0.049706 seconds
Number of updated asset objects reloaded before import = 0
Number of asset objects unloaded after import = 3
========================================================================
Received Import Request.
  Time since last request: 0.000013 seconds.
  path: Assets/Props/Materials/Gojo/HAIR 1 BLIND.mat
  artifactKey: Guid(d4abdeeb8d9c44c45bfc9c73edd07ce3) Importer(815301076,1909f56bfc062723c751e8b465ee728b)
Start importing Assets/Props/Materials/Gojo/HAIR 1 BLIND.mat using Guid(d4abdeeb8d9c44c45bfc9c73edd07ce3) Importer(815301076,1909f56bfc062723c751e8b465ee728b)  -> (artifact id: '54a499fa80a3c526b1fff809e6fee839') in 0.022245 seconds
Number of updated asset objects reloaded before import = 0
Number of asset objects unloaded after import = 3
========================================================================
Received Import Request.
  Time since last request: 0.000013 seconds.
  path: Assets/Props/Materials/Gojo/FACE.mat
  artifactKey: Guid(321f375a7168bde46a5c4b240899a1fc) Importer(815301076,1909f56bfc062723c751e8b465ee728b)
Start importing Assets/Props/Materials/Gojo/FACE.mat using Guid(321f375a7168bde46a5c4b240899a1fc) Importer(815301076,1909f56bfc062723c751e8b465ee728b)  -> (artifact id: 'f7ad42628e3464e755cf82d8b2f440cf') in 0.026514 seconds
Number of updated asset objects reloaded before import = 0
Number of asset objects unloaded after import = 4
========================================================================
Received Import Request.
  Time since last request: 0.000016 seconds.
  path: Assets/Props/Materials/Gojo/TRANSPARENT HEAD.mat
  artifactKey: Guid(6b486becdfd1d6f41a29f17aba15cbc5) Importer(815301076,1909f56bfc062723c751e8b465ee728b)
Start importing Assets/Props/Materials/Gojo/TRANSPARENT HEAD.mat using Guid(6b486becdfd1d6f41a29f17aba15cbc5) Importer(815301076,1909f56bfc062723c751e8b465ee728b)  -> (artifact id: '61dfd0c919b1e9cb45e0ac735bb79350') in 0.036753 seconds
Number of updated asset objects reloaded before import = 0
Number of asset objects unloaded after import = 2
========================================================================
Received Import Request.
  Time since last request: 6.091822 seconds.
  path: Assets/Props/Materials/skull.3ds
  artifactKey: Guid(f3b0fba031c103247ae9f82c6f1b3710) Importer(815301076,1909f56bfc062723c751e8b465ee728b)
Start importing Assets/Props/Materials/skull.3ds using Guid(f3b0fba031c103247ae9f82c6f1b3710) Importer(815301076,1909f56bfc062723c751e8b465ee728b)  -> (artifact id: 'c26303eb27da309c9b25f53785304215') in 0.089682 seconds
Number of updated asset objects reloaded before import = 0
Number of asset objects unloaded after import = 25
========================================================================
Received Import Request.
  Time since last request: 28.907712 seconds.
  path: Assets/Props/Materials/skull.3ds
  artifactKey: Guid(f3b0fba031c103247ae9f82c6f1b3710) Importer(815301076,1909f56bfc062723c751e8b465ee728b)
Start importing Assets/Props/Materials/skull.3ds using Guid(f3b0fba031c103247ae9f82c6f1b3710) Importer(815301076,1909f56bfc062723c751e8b465ee728b)  -> (artifact id: '68945a25ebfe7d0145bca58f6ce619f2') in 0.094622 seconds
Number of updated asset objects reloaded before import = 0
Number of asset objects unloaded after import = 25
========================================================================
Received Import Request.
  Time since last request: 29.320986 seconds.
  path: Assets/Props/Prefabs/SK_CP_050_00.fbx
  artifactKey: Guid(0b3b6512073a74f4fba148e60fd7bd68) Importer(815301076,1909f56bfc062723c751e8b465ee728b)
Start importing Assets/Props/Prefabs/SK_CP_050_00.fbx using Guid(0b3b6512073a74f4fba148e60fd7bd68) Importer(815301076,1909f56bfc062723c751e8b465ee728b)  -> (artifact id: 'a9cb85c754a03bbb5ed249f16a4d5671') in 0.087597 seconds
Number of updated asset objects reloaded before import = 0
Number of asset objects unloaded after import = 474
========================================================================
Received Import Request.
  Time since last request: 84.691262 seconds.
  path: Assets/Props/Prefabs/skull.obj
  artifactKey: Guid(ba35933ea22f744409d27a45226e8433) Importer(815301076,1909f56bfc062723c751e8b465ee728b)
Start importing Assets/Props/Prefabs/skull.obj using Guid(ba35933ea22f744409d27a45226e8433) Importer(815301076,1909f56bfc062723c751e8b465ee728b)  -> (artifact id: '2493c5d572dcb1a0b5e15e11a18f2164') in 0.114896 seconds
Number of updated asset objects reloaded before import = 0
Number of asset objects unloaded after import = 28
========================================================================
Received Import Request.
  Time since last request: 20.819459 seconds.
  path: Assets/Props/Prefabs/skull.obj
  artifactKey: Guid(ba35933ea22f744409d27a45226e8433) Importer(815301076,1909f56bfc062723c751e8b465ee728b)
Start importing Assets/Props/Prefabs/skull.obj using Guid(ba35933ea22f744409d27a45226e8433) Importer(815301076,1909f56bfc062723c751e8b465ee728b)  -> (artifact id: 'bc98c2f0a609fe12b48ddbb10ab11bae') in 0.104111 seconds
Number of updated asset objects reloaded before import = 0
Number of asset objects unloaded after import = 28
========================================================================
Received Import Request.
  Time since last request: 19.081278 seconds.
  path: Assets/Props/Materials/Manga Mat.mat
  artifactKey: Guid(73a0d2685c7c0ee49acb30a7a9a6c840) Importer(815301076,1909f56bfc062723c751e8b465ee728b)
Start importing Assets/Props/Materials/Manga Mat.mat using Guid(73a0d2685c7c0ee49acb30a7a9a6c840) Importer(815301076,1909f56bfc062723c751e8b465ee728b)  -> (artifact id: '2398a2fdfe2b173ddf3a5776e551f119') in 0.015401 seconds
Number of updated asset objects reloaded before import = 0
Number of asset objects unloaded after import = 1
========================================================================
Received Import Request.
  Time since last request: 1.937073 seconds.
  path: Assets/Props/Materials/Skull
  artifactKey: Guid(c7e1edd79d1b3154b97f4efad9dffa15) Importer(815301076,1909f56bfc062723c751e8b465ee728b)
Start importing Assets/Props/Materials/Skull using Guid(c7e1edd79d1b3154b97f4efad9dffa15) Importer(815301076,1909f56bfc062723c751e8b465ee728b)  -> (artifact id: 'd408ca1902199bc7f92d3509897ea9b5') in 0.000377 seconds
Number of updated asset objects reloaded before import = 0
Number of asset objects unloaded after import = 0
========================================================================
Received Import Request.
  Time since last request: 0.074052 seconds.
  path: Assets/Props/Materials/Skull/jawMat.mat
  artifactKey: Guid(93aa89a50e4126c4a9ebc8b2c740ce0e) Importer(815301076,1909f56bfc062723c751e8b465ee728b)
Start importing Assets/Props/Materials/Skull/jawMat.mat using Guid(93aa89a50e4126c4a9ebc8b2c740ce0e) Importer(815301076,1909f56bfc062723c751e8b465ee728b)  -> (artifact id: '8c65fda8cfd4b995ad2f5534709df378') in 0.014365 seconds
Number of updated asset objects reloaded before import = 0
Number of asset objects unloaded after import = 1
========================================================================
Received Import Request.
  Time since last request: 0.000055 seconds.
  path: Assets/Props/Materials/Skull/skullMat.mat
  artifactKey: Guid(c94cb98e53d24644ea41fed9e7c263cb) Importer(815301076,1909f56bfc062723c751e8b465ee728b)
Start importing Assets/Props/Materials/Skull/skullMat.mat using Guid(c94cb98e53d24644ea41fed9e7c263cb) Importer(815301076,1909f56bfc062723c751e8b465ee728b)  -> (artifact id: '276acd2c59458f63b05ff5ea75622886') in 0.016181 seconds
Number of updated asset objects reloaded before import = 0
Number of asset objects unloaded after import = 1
========================================================================
Received Import Request.
  Time since last request: 0.000019 seconds.
  path: Assets/Props/Materials/Skull/uteethMat.mat
  artifactKey: Guid(61b047d9465a39c4c856a9750521a988) Importer(815301076,1909f56bfc062723c751e8b465ee728b)
Start importing Assets/Props/Materials/Skull/uteethMat.mat using Guid(61b047d9465a39c4c856a9750521a988) Importer(815301076,1909f56bfc062723c751e8b465ee728b)  -> (artifact id: '69fdd9c4a76d92fe9a8dfe39312e2a3e') in 0.015164 seconds
Number of updated asset objects reloaded before import = 0
Number of asset objects unloaded after import = 1
========================================================================
Received Import Request.
  Time since last request: 63.598025 seconds.
  path: Assets/Props/Materials/Manga Mat.mat
  artifactKey: Guid(73a0d2685c7c0ee49acb30a7a9a6c840) Importer(815301076,1909f56bfc062723c751e8b465ee728b)
Start importing Assets/Props/Materials/Manga Mat.mat using Guid(73a0d2685c7c0ee49acb30a7a9a6c840) Importer(815301076,1909f56bfc062723c751e8b465ee728b)  -> (artifact id: '80c3feb20953c2e93d320ebaf6ffd5ae') in 0.053206 seconds
Number of updated asset objects reloaded before import = 1
Number of asset objects unloaded after import = 1
========================================================================
Received Import Request.
  Time since last request: 6.657142 seconds.
  path: Assets/Props/Prefabs/SK_CP_050_00.fbx
  artifactKey: Guid(0b3b6512073a74f4fba148e60fd7bd68) Importer(815301076,1909f56bfc062723c751e8b465ee728b)
Start importing Assets/Props/Prefabs/SK_CP_050_00.fbx using Guid(0b3b6512073a74f4fba148e60fd7bd68) Importer(815301076,1909f56bfc062723c751e8b465ee728b)  -> (artifact id: '8751fa3f644a2d98a6d099da1062367a') in 0.144496 seconds
Number of updated asset objects reloaded before import = 0
Number of asset objects unloaded after import = 474
========================================================================
Received Import Request.
  Time since last request: 1.401262 seconds.
  path: Assets/Props/Materials/Gojo/BAND.mat
  artifactKey: Guid(3b90137489fcff5419ba45dfbe9e4c5d) Importer(815301076,1909f56bfc062723c751e8b465ee728b)
Start importing Assets/Props/Materials/Gojo/BAND.mat using Guid(3b90137489fcff5419ba45dfbe9e4c5d) Importer(815301076,1909f56bfc062723c751e8b465ee728b)  -> (artifact id: '883c9e6e2a0c493e236eca305dd0b2ea') in 0.008767 seconds
Number of updated asset objects reloaded before import = 0
Number of asset objects unloaded after import = 4
========================================================================
Received Import Request.
  Time since last request: 0.000025 seconds.
  path: Assets/Props/Materials/Gojo/EYES.mat
  artifactKey: Guid(dbff7e64b399aaa4392f7aa18e9da670) Importer(815301076,1909f56bfc062723c751e8b465ee728b)
Start importing Assets/Props/Materials/Gojo/EYES.mat using Guid(dbff7e64b399aaa4392f7aa18e9da670) Importer(815301076,1909f56bfc062723c751e8b465ee728b)  -> (artifact id: 'db8c238b4ee54fef75a5cb4c0b6b5d09') in 0.008613 seconds
Number of updated asset objects reloaded before import = 0
Number of asset objects unloaded after import = 3
========================================================================
Received Import Request.
  Time since last request: 0.000015 seconds.
  path: Assets/Props/Materials/Gojo/LASHES.mat
  artifactKey: Guid(7d8f191783f9fa84aaabd1e961fce309) Importer(815301076,1909f56bfc062723c751e8b465ee728b)
Start importing Assets/Props/Materials/Gojo/LASHES.mat using Guid(7d8f191783f9fa84aaabd1e961fce309) Importer(815301076,1909f56bfc062723c751e8b465ee728b)  -> (artifact id: '2cf86d48e3ade2fa15aca12498a18e81') in 0.006389 seconds
Number of updated asset objects reloaded before import = 0
Number of asset objects unloaded after import = 3
========================================================================
Received Import Request.
  Time since last request: 0.000018 seconds.
  path: Assets/Props/Materials/Gojo/EYEBROWS.mat
  artifactKey: Guid(c496691110e38244cbf22c88b05e2b6e) Importer(815301076,1909f56bfc062723c751e8b465ee728b)
Start importing Assets/Props/Materials/Gojo/EYEBROWS.mat using Guid(c496691110e38244cbf22c88b05e2b6e) Importer(815301076,1909f56bfc062723c751e8b465ee728b)  -> (artifact id: '8e8df04eaf14cba2df1386b6c1dad597') in 0.006341 seconds
Number of updated asset objects reloaded before import = 0
Number of asset objects unloaded after import = 3
========================================================================
Received Import Request.
  Time since last request: 0.000012 seconds.
  path: Assets/Props/Materials/Gojo/IRIS.mat
  artifactKey: Guid(ea9f3d8a95b27a44d88510b3a331528a) Importer(815301076,1909f56bfc062723c751e8b465ee728b)
Start importing Assets/Props/Materials/Gojo/IRIS.mat using Guid(ea9f3d8a95b27a44d88510b3a331528a) Importer(815301076,1909f56bfc062723c751e8b465ee728b)  -> (artifact id: '3263c50986e9010203f544b3a8179ee5') in 0.005875 seconds
Number of updated asset objects reloaded before import = 0
Number of asset objects unloaded after import = 3
========================================================================
Received Import Request.
  Time since last request: 0.000015 seconds.
  path: Assets/Props/Materials/Gojo/HAIR 2.mat
  artifactKey: Guid(158f8ad50c77d4945944582cea0da9fd) Importer(815301076,1909f56bfc062723c751e8b465ee728b)
Start importing Assets/Props/Materials/Gojo/HAIR 2.mat using Guid(158f8ad50c77d4945944582cea0da9fd) Importer(815301076,1909f56bfc062723c751e8b465ee728b)  -> (artifact id: '2700d7b6f16b61138358f3c6c7eab902') in 0.006492 seconds
Number of updated asset objects reloaded before import = 0
Number of asset objects unloaded after import = 3
========================================================================
Received Import Request.
  Time since last request: 0.000023 seconds.
  path: Assets/Props/Materials/Gojo/HAIR 1 BLIND.mat
  artifactKey: Guid(d4abdeeb8d9c44c45bfc9c73edd07ce3) Importer(815301076,1909f56bfc062723c751e8b465ee728b)
Start importing Assets/Props/Materials/Gojo/HAIR 1 BLIND.mat using Guid(d4abdeeb8d9c44c45bfc9c73edd07ce3) Importer(815301076,1909f56bfc062723c751e8b465ee728b)  -> (artifact id: '7ce1a5036e41bd7a86d5842ce4fbb744') in 0.006745 seconds
Number of updated asset objects reloaded before import = 0
Number of asset objects unloaded after import = 3
========================================================================
Received Import Request.
  Time since last request: 0.000019 seconds.
  path: Assets/Props/Materials/Gojo/FACE.mat
  artifactKey: Guid(321f375a7168bde46a5c4b240899a1fc) Importer(815301076,1909f56bfc062723c751e8b465ee728b)
Start importing Assets/Props/Materials/Gojo/FACE.mat using Guid(321f375a7168bde46a5c4b240899a1fc) Importer(815301076,1909f56bfc062723c751e8b465ee728b)  -> (artifact id: '77b885ea399dd53d331e88b581a3b1e3') in 0.008410 seconds
Number of updated asset objects reloaded before import = 0
Number of asset objects unloaded after import = 4
========================================================================
Received Import Request.
  Time since last request: 0.000014 seconds.
  path: Assets/Props/Materials/Gojo/TRANSPARENT HEAD.mat
  artifactKey: Guid(6b486becdfd1d6f41a29f17aba15cbc5) Importer(815301076,1909f56bfc062723c751e8b465ee728b)
Start importing Assets/Props/Materials/Gojo/TRANSPARENT HEAD.mat using Guid(6b486becdfd1d6f41a29f17aba15cbc5) Importer(815301076,1909f56bfc062723c751e8b465ee728b)  -> (artifact id: '1b76c6419ff4718ec1e981db976bad9d') in 0.005660 seconds
Number of updated asset objects reloaded before import = 0
Number of asset objects unloaded after import = 2
========================================================================
Received Import Request.
  Time since last request: 0.000017 seconds.
  path: Assets/Props/Materials/Gojo/HANDS.mat
  artifactKey: Guid(1ee50ea6025ac9c42be622b9b585673a) Importer(815301076,1909f56bfc062723c751e8b465ee728b)
Start importing Assets/Props/Materials/Gojo/HANDS.mat using Guid(1ee50ea6025ac9c42be622b9b585673a) Importer(815301076,1909f56bfc062723c751e8b465ee728b)  -> (artifact id: 'e3fe25d1adac1d84d86987fc1fd6b93b') in 0.005913 seconds
Number of updated asset objects reloaded before import = 0
Number of asset objects unloaded after import = 3
Editor requested this worker to shutdown with reason: Scaling down because of idle timeout
TcpMessagingSession - receive error: operation aborted. errorcode: 995, details: The I/O operation has been aborted because of either a thread exit or an application request.
AssetImportWorker is now disconnected from the server
Process exiting
Exiting without the bug reporter. Application will terminate with return code 0